#
# There is insufficient memory for the Java Runtime Environment to continue.
# Native memory allocation (malloc) failed to allocate 1501136 bytes for Chunk::new
# Possible reasons:
#   The system is out of physical RAM or swap space
#   The process is running with CompressedOops enabled, and the Java Heap may be blocking the growth of the native heap
# Possible solutions:
#   Reduce memory load on the system
#   Increase physical memory or swap space
#   Check if swap backing store is full
#   Decrease Java heap size (-Xmx/-Xms)
#   Decrease number of Java threads
#   Decrease Java thread stack sizes (-Xss)
#   Set larger code cache with -XX:ReservedCodeCacheSize=
#   JVM is running with Unscaled Compressed Oops mode in which the Java heap is
#     placed in the first 4GB address space. The Java Heap base address is the
#     maximum limit for the native heap growth. Please use -XX:HeapBaseMinAddress
#     to set the Java Heap base and to place the Java Heap above 4GB virtual address.
# This output file may be truncated or incomplete.
#
#  Out of Memory Error (arena.cpp:189), pid=31248, tid=29772
#
# JRE version: OpenJDK Runtime Environment (17.0.6) (build 17.0.6+0-b2043.56-10027231)
# Java VM: OpenJDK 64-Bit Server VM (17.0.6+0-b2043.56-10027231, mixed mode, tiered, compressed oops, compressed class ptrs, g1 gc, windows-amd64)
# No core dump will be written. Minidumps are not enabled by default on client versions of Windows
#

---------------  S U M M A R Y ------------

Command Line: -XX:MaxMetaspaceSize=512m --add-opens=java.base/java.util=ALL-UNNAMED --add-opens=java.base/java.lang=ALL-UNNAMED --add-opens=java.base/java.lang.invoke=ALL-UNNAMED --add-opens=java.prefs/java.util.prefs=ALL-UNNAMED --add-opens=java.base/java.nio.charset=ALL-UNNAMED --add-opens=java.base/java.net=ALL-UNNAMED --add-opens=java.base/java.util.concurrent.atomic=ALL-UNNAMED -Xmx2048m -Dfile.encoding=windows-1252 -Duser.country=US -Duser.language=en -Duser.variant org.gradle.launcher.daemon.bootstrap.GradleDaemon 8.0.1

Host: Intel(R) Core(TM) i7-8550U CPU @ 1.80GHz, 8 cores, 7G,  Windows 11 , 64 bit Build 22621 (10.0.22621.2506)
Time: Tue Dec  5 23:42:32 2023 Turkey Standard Time elapsed time: 83.040143 seconds (0d 0h 1m 23s)

---------------  T H R E A D  ---------------

Current thread (0x0000016e20c42e80):  JavaThread "C2 CompilerThread0" daemon [_thread_in_native, id=29772, stack(0x00000067f3500000,0x00000067f3600000)]


Current CompileTask:
C2:  83040 11108       4       org.jetbrains.kotlin.com.intellij.openapi.vfs.impl.jar.CoreJarVirtualFile::getPath (130 bytes)

Stack: [0x00000067f3500000,0x00000067f3600000]
Native frames: (J=compiled Java code, j=interpreted, Vv=VM code, C=native code)
V  [jvm.dll+0x683c9a]
V  [jvm.dll+0x8427a4]
V  [jvm.dll+0x843f9e]
V  [jvm.dll+0x844603]
V  [jvm.dll+0x249b75]
V  [jvm.dll+0xabcac]
V  [jvm.dll+0xac27c]
V  [jvm.dll+0x368802]
V  [jvm.dll+0x332f31]
V  [jvm.dll+0x3323da]
V  [jvm.dll+0x21c201]
V  [jvm.dll+0x21b621]
V  [jvm.dll+0x1a4fdd]
V  [jvm.dll+0x22b098]
V  [jvm.dll+0x229159]
V  [jvm.dll+0x7f81ec]
V  [jvm.dll+0x7f274a]
V  [jvm.dll+0x682ad5]
C  [ucrtbase.dll+0x29363]
C  [KERNEL32.DLL+0x1257d]
C  [ntdll.dll+0x5aa58]


---------------  P R O C E S S  ---------------

Threads class SMR info:
_java_thread_list=0x0000016e232d3f60, length=72, elements={
0x0000016e061f9070, 0x0000016e200897c0, 0x0000016e2008a630, 0x0000016e200761d0,
0x0000016e20c3f010, 0x0000016e20c418e0, 0x0000016e20c421a0, 0x0000016e20c42e80,
0x0000016e20c45930, 0x0000016e20c46930, 0x0000016e20dd4010, 0x0000016e20dd64f0,
0x0000016e21977f80, 0x0000016e2205bb10, 0x0000016e21e8cd50, 0x0000016e23375040,
0x0000016e2303e020, 0x0000016e21323030, 0x0000016e21323500, 0x0000016e23061050,
0x0000016e23062390, 0x0000016e2305f370, 0x0000016e2305eea0, 0x0000016e2305fd10,
0x0000016e23062860, 0x0000016e230619f0, 0x0000016e230601e0, 0x0000016e230606b0,
0x0000016e23060b80, 0x0000016e23061520, 0x0000016e24cee340, 0x0000016e24cea980,
0x0000016e24cf0020, 0x0000016e24cebcc0, 0x0000016e24cf0e90, 0x0000016e24cefb50,
0x0000016e24cec660, 0x0000016e24ceb7f0, 0x0000016e24cf1830, 0x0000016e24ce9fe0,
0x0000016e23061ec0, 0x0000016e285f9a20, 0x0000016e285fa3c0, 0x0000016e285fb700,
0x0000016e285fa890, 0x0000016e285f9550, 0x0000016e285fad60, 0x0000016e285fb230,
0x0000016e285f73a0, 0x0000016e285f7d40, 0x0000016e285f7870, 0x0000016e285fbbd0,
0x0000016e285f9ef0, 0x0000016e285fc0a0, 0x0000016e285fc570, 0x0000016e285fd3e0,
0x0000016e285f6a00, 0x0000016e285fcf10, 0x0000016e285fca40, 0x0000016e285fd8b0,
0x0000016e285f6060, 0x0000016e285f6ed0, 0x0000016e285f8210, 0x0000016e285f86e0,
0x0000016e285f8bb0, 0x0000016e285f9080, 0x0000016e28526ef0, 0x0000016e28525210,
0x0000016e2852b720, 0x0000016e2852ad80, 0x0000016e28525bb0, 0x0000016e26785f10
}

Java Threads: ( => current thread )
  0x0000016e061f9070 JavaThread "main" [_thread_blocked, id=31680, stack(0x00000067f2800000,0x00000067f2900000)]
  0x0000016e200897c0 JavaThread "Reference Handler" daemon [_thread_blocked, id=15700, stack(0x00000067f2f00000,0x00000067f3000000)]
  0x0000016e2008a630 JavaThread "Finalizer" daemon [_thread_blocked, id=31504, stack(0x00000067f3000000,0x00000067f3100000)]
  0x0000016e200761d0 JavaThread "Signal Dispatcher" daemon [_thread_blocked, id=31220, stack(0x00000067f3100000,0x00000067f3200000)]
  0x0000016e20c3f010 JavaThread "Attach Listener" daemon [_thread_blocked, id=31192, stack(0x00000067f3200000,0x00000067f3300000)]
  0x0000016e20c418e0 JavaThread "Service Thread" daemon [_thread_blocked, id=30984, stack(0x00000067f3300000,0x00000067f3400000)]
  0x0000016e20c421a0 JavaThread "Monitor Deflation Thread" daemon [_thread_blocked, id=13672, stack(0x00000067f3400000,0x00000067f3500000)]
=>0x0000016e20c42e80 JavaThread "C2 CompilerThread0" daemon [_thread_in_native, id=29772, stack(0x00000067f3500000,0x00000067f3600000)]
  0x0000016e20c45930 JavaThread "C1 CompilerThread0" daemon [_thread_in_native, id=684, stack(0x00000067f3600000,0x00000067f3700000)]
  0x0000016e20c46930 JavaThread "Sweeper thread" daemon [_thread_blocked, id=6864, stack(0x00000067f3700000,0x00000067f3800000)]
  0x0000016e20dd4010 JavaThread "Common-Cleaner" daemon [_thread_blocked, id=18932, stack(0x00000067f3800000,0x00000067f3900000)]
  0x0000016e20dd64f0 JavaThread "Notification Thread" daemon [_thread_blocked, id=25844, stack(0x00000067f3900000,0x00000067f3a00000)]
  0x0000016e21977f80 JavaThread "Daemon health stats" [_thread_blocked, id=31112, stack(0x00000067f4000000,0x00000067f4100000)]
  0x0000016e2205bb10 JavaThread "Incoming local TCP Connector on port 52329" [_thread_in_native, id=29584, stack(0x00000067f3b00000,0x00000067f3c00000)]
  0x0000016e21e8cd50 JavaThread "Daemon periodic checks" [_thread_blocked, id=29620, stack(0x00000067f4100000,0x00000067f4200000)]
  0x0000016e23375040 JavaThread "Daemon" [_thread_blocked, id=14500, stack(0x00000067f4200000,0x00000067f4300000)]
  0x0000016e2303e020 JavaThread "Handler for socket connection from /127.0.0.1:52329 to /127.0.0.1:52330" [_thread_in_native, id=24440, stack(0x00000067f4300000,0x00000067f4400000)]
  0x0000016e21323030 JavaThread "Cancel handler" [_thread_blocked, id=31024, stack(0x00000067f4400000,0x00000067f4500000)]
  0x0000016e21323500 JavaThread "Daemon worker" [_thread_blocked, id=30988, stack(0x00000067f4500000,0x00000067f4600000)]
  0x0000016e23061050 JavaThread "Asynchronous log dispatcher for DefaultDaemonConnection: socket connection from /127.0.0.1:52329 to /127.0.0.1:52330" [_thread_blocked, id=26592, stack(0x00000067f4600000,0x00000067f4700000)]
  0x0000016e23062390 JavaThread "Daemon client event forwarder" [_thread_blocked, id=27112, stack(0x00000067f4800000,0x00000067f4900000)]
  0x0000016e2305f370 JavaThread "Cache worker for journal cache (C:\Users\ananc\.gradle\caches\journal-1)" [_thread_blocked, id=31516, stack(0x00000067f4d00000,0x00000067f4e00000)]
  0x0000016e2305eea0 JavaThread "File lock request listener" [_thread_in_native, id=30928, stack(0x00000067f4e00000,0x00000067f4f00000)]
  0x0000016e2305fd10 JavaThread "Cache worker for file hash cache (C:\Users\ananc\.gradle\caches\8.0.1\fileHashes)" [_thread_blocked, id=31476, stack(0x00000067f4f00000,0x00000067f5000000)]
  0x0000016e23062860 JavaThread "File watcher server" daemon [_thread_in_native, id=31224, stack(0x00000067f5000000,0x00000067f5100000)]
  0x0000016e230619f0 JavaThread "File watcher consumer" daemon [_thread_blocked, id=11304, stack(0x00000067f5100000,0x00000067f5200000)]
  0x0000016e230601e0 JavaThread "Cache worker for checksums cache (C:\Users\ananc\Desktop\work\NanoSoft\trendyApp\trendy_app\android\.gradle\8.0.1\checksums)" [_thread_blocked, id=31264, stack(0x00000067f5200000,0x00000067f5300000)]
  0x0000016e230606b0 JavaThread "Cache worker for cache directory md-rule (C:\Users\ananc\.gradle\caches\8.0.1\md-rule)" [_thread_blocked, id=15536, stack(0x00000067f5300000,0x00000067f5400000)]
  0x0000016e23060b80 JavaThread "Cache worker for file content cache (C:\Users\ananc\.gradle\caches\8.0.1\fileContent)" [_thread_blocked, id=31624, stack(0x00000067f5400000,0x00000067f5500000)]
  0x0000016e23061520 JavaThread "Cache worker for file hash cache (C:\Users\ananc\Desktop\work\NanoSoft\trendyApp\trendy_app\android\.gradle\8.0.1\fileHashes)" [_thread_blocked, id=14244, stack(0x00000067f5500000,0x00000067f5600000)]
  0x0000016e24cee340 JavaThread "File lock release action executor" [_thread_blocked, id=27184, stack(0x00000067f5600000,0x00000067f5700000)]
  0x0000016e24cea980 JavaThread "Cache worker for cache directory md-supplier (C:\Users\ananc\.gradle\caches\8.0.1\md-supplier)" [_thread_blocked, id=26932, stack(0x00000067f5700000,0x00000067f5800000)]
  0x0000016e24cf0020 JavaThread "Cache worker for execution history cache (C:\Users\ananc\.gradle\caches\8.0.1\executionHistory)" [_thread_blocked, id=29864, stack(0x00000067f5800000,0x00000067f5900000)]
  0x0000016e24cebcc0 JavaThread "jar transforms" [_thread_blocked, id=31520, stack(0x00000067f5900000,0x00000067f5a00000)]
  0x0000016e24cf0e90 JavaThread "jar transforms Thread 2" [_thread_blocked, id=31712, stack(0x00000067f5a00000,0x00000067f5b00000)]
  0x0000016e24cefb50 JavaThread "jar transforms Thread 3" [_thread_blocked, id=19120, stack(0x00000067f5b00000,0x00000067f5c00000)]
  0x0000016e24cec660 JavaThread "jar transforms Thread 4" [_thread_blocked, id=24492, stack(0x00000067f5d00000,0x00000067f5e00000)]
  0x0000016e24ceb7f0 JavaThread "jar transforms Thread 5" [_thread_blocked, id=26204, stack(0x00000067f5e00000,0x00000067f5f00000)]
  0x0000016e24cf1830 JavaThread "jar transforms Thread 6" [_thread_blocked, id=31312, stack(0x00000067f5f00000,0x00000067f6000000)]
  0x0000016e24ce9fe0 JavaThread "Cache worker for kotlin-dsl (C:\Users\ananc\.gradle\caches\8.0.1\kotlin-dsl)" [_thread_blocked, id=29732, stack(0x00000067f6300000,0x00000067f6400000)]
  0x0000016e23061ec0 JavaThread "jar transforms Thread 7" [_thread_blocked, id=31328, stack(0x00000067f2600000,0x00000067f2700000)]
  0x0000016e285f9a20 JavaThread "jar transforms Thread 8" [_thread_blocked, id=24360, stack(0x00000067f4700000,0x00000067f4800000)]
  0x0000016e285fa3c0 JavaThread "Cache worker for dependencies-accessors (C:\Users\ananc\Desktop\work\NanoSoft\trendyApp\trendy_app\android\.gradle\8.0.1\dependencies-accessors)" [_thread_blocked, id=29552, stack(0x00000067f6400000,0x00000067f6500000)]
  0x0000016e285fb700 JavaThread "Cache worker for Build Output Cleanup Cache (C:\Users\ananc\Desktop\work\NanoSoft\trendyApp\trendy_app\node_modules\@react-native\gradle-plugin\.gradle\buildOutputCleanup)" [_thread_blocked, id=30924, stack(0x00000067f2700000,0x00000067f2800000)]
  0x0000016e285fa890 JavaThread "Unconstrained build operations" [_thread_blocked, id=31332, stack(0x00000067f6500000,0x00000067f6600000)]
  0x0000016e285f9550 JavaThread "Unconstrained build operations Thread 2" [_thread_blocked, id=30460, stack(0x00000067f6600000,0x00000067f6700000)]
  0x0000016e285fad60 JavaThread "Unconstrained build operations Thread 3" [_thread_blocked, id=31000, stack(0x00000067f6700000,0x00000067f6800000)]
  0x0000016e285fb230 JavaThread "Unconstrained build operations Thread 4" [_thread_blocked, id=26960, stack(0x00000067f6800000,0x00000067f6900000)]
  0x0000016e285f73a0 JavaThread "Unconstrained build operations Thread 5" [_thread_blocked, id=31492, stack(0x00000067f6900000,0x00000067f6a00000)]
  0x0000016e285f7d40 JavaThread "Unconstrained build operations Thread 6" [_thread_blocked, id=30556, stack(0x00000067f6a00000,0x00000067f6b00000)]
  0x0000016e285f7870 JavaThread "Unconstrained build operations Thread 7" [_thread_blocked, id=31292, stack(0x00000067f6b00000,0x00000067f6c00000)]
  0x0000016e285fbbd0 JavaThread "Unconstrained build operations Thread 8" [_thread_blocked, id=30008, stack(0x00000067f6c00000,0x00000067f6d00000)]
  0x0000016e285f9ef0 JavaThread "Unconstrained build operations Thread 9" [_thread_blocked, id=30732, stack(0x00000067f6d00000,0x00000067f6e00000)]
  0x0000016e285fc0a0 JavaThread "Unconstrained build operations Thread 10" [_thread_blocked, id=29688, stack(0x00000067f6e00000,0x00000067f6f00000)]
  0x0000016e285fc570 JavaThread "Unconstrained build operations Thread 11" [_thread_blocked, id=30116, stack(0x00000067f6f00000,0x00000067f7000000)]
  0x0000016e285fd3e0 JavaThread "Unconstrained build operations Thread 12" [_thread_blocked, id=31240, stack(0x00000067f7000000,0x00000067f7100000)]
  0x0000016e285f6a00 JavaThread "Unconstrained build operations Thread 13" [_thread_blocked, id=29644, stack(0x00000067f7100000,0x00000067f7200000)]
  0x0000016e285fcf10 JavaThread "Unconstrained build operations Thread 14" [_thread_blocked, id=31448, stack(0x00000067f7200000,0x00000067f7300000)]
  0x0000016e285fca40 JavaThread "Unconstrained build operations Thread 15" [_thread_blocked, id=26628, stack(0x00000067f7300000,0x00000067f7400000)]
  0x0000016e285fd8b0 JavaThread "Unconstrained build operations Thread 16" [_thread_blocked, id=31288, stack(0x00000067f7400000,0x00000067f7500000)]
  0x0000016e285f6060 JavaThread "Unconstrained build operations Thread 17" [_thread_blocked, id=30480, stack(0x00000067f7500000,0x00000067f7600000)]
  0x0000016e285f6ed0 JavaThread "Unconstrained build operations Thread 18" [_thread_blocked, id=31236, stack(0x00000067f7600000,0x00000067f7700000)]
  0x0000016e285f8210 JavaThread "Unconstrained build operations Thread 19" [_thread_blocked, id=9224, stack(0x00000067f7700000,0x00000067f7800000)]
  0x0000016e285f86e0 JavaThread "Unconstrained build operations Thread 20" [_thread_blocked, id=25092, stack(0x00000067f7800000,0x00000067f7900000)]
  0x0000016e285f8bb0 JavaThread "Unconstrained build operations Thread 21" [_thread_blocked, id=12812, stack(0x00000067f7900000,0x00000067f7a00000)]
  0x0000016e285f9080 JavaThread "Unconstrained build operations Thread 22" [_thread_blocked, id=30212, stack(0x00000067f7a00000,0x00000067f7b00000)]
  0x0000016e28526ef0 JavaThread "Unconstrained build operations Thread 23" [_thread_blocked, id=29892, stack(0x00000067f7b00000,0x00000067f7c00000)]
  0x0000016e28525210 JavaThread "Unconstrained build operations Thread 24" [_thread_blocked, id=24892, stack(0x00000067f7c00000,0x00000067f7d00000)]
  0x0000016e2852b720 JavaThread "Unconstrained build operations Thread 25" [_thread_blocked, id=29556, stack(0x00000067f7d00000,0x00000067f7e00000)]
  0x0000016e2852ad80 JavaThread "Unconstrained build operations Thread 26" [_thread_blocked, id=31676, stack(0x00000067f7e00000,0x00000067f7f00000)]
  0x0000016e28525bb0 JavaThread "Memory manager" [_thread_blocked, id=26668, stack(0x00000067f8000000,0x00000067f8100000)]
  0x0000016e26785f10 JavaThread "C2 CompilerThread1" daemon [_thread_in_native, id=25480, stack(0x00000067f7f00000,0x00000067f8000000)]

Other Threads:
  0x0000016e20065610 VMThread "VM Thread" [stack: 0x00000067f2e00000,0x00000067f2f00000] [id=31016]
  0x0000016e20d23730 WatcherThread [stack: 0x00000067f3a00000,0x00000067f3b00000] [id=31584]
  0x0000016e06252ed0 GCTaskThread "GC Thread#0" [stack: 0x00000067f2900000,0x00000067f2a00000] [id=31320]
  0x0000016e21e71000 GCTaskThread "GC Thread#1" [stack: 0x00000067f3d00000,0x00000067f3e00000] [id=13392]
  0x0000016e212594e0 GCTaskThread "GC Thread#2" [stack: 0x00000067f3e00000,0x00000067f3f00000] [id=31484]
  0x0000016e21a51e80 GCTaskThread "GC Thread#3" [stack: 0x00000067f3f00000,0x00000067f4000000] [id=31564]
  0x0000016e2204b8e0 GCTaskThread "GC Thread#4" [stack: 0x00000067f3c00000,0x00000067f3d00000] [id=3068]
  0x0000016e23c9a710 GCTaskThread "GC Thread#5" [stack: 0x00000067f4900000,0x00000067f4a00000] [id=24648]
  0x0000016e23fce8d0 GCTaskThread "GC Thread#6" [stack: 0x00000067f4a00000,0x00000067f4b00000] [id=26612]
  0x0000016e23fceb80 GCTaskThread "GC Thread#7" [stack: 0x00000067f4b00000,0x00000067f4c00000] [id=25032]
  0x0000016e06264e20 ConcurrentGCThread "G1 Main Marker" [stack: 0x00000067f2a00000,0x00000067f2b00000] [id=28308]
  0x0000016e06265830 ConcurrentGCThread "G1 Conc#0" [stack: 0x00000067f2b00000,0x00000067f2c00000] [id=30976]
  0x0000016e21b90050 ConcurrentGCThread "G1 Conc#1" [stack: 0x00000067f4c00000,0x00000067f4d00000] [id=27396]
  0x0000016e1fec24c0 ConcurrentGCThread "G1 Refine#0" [stack: 0x00000067f2c00000,0x00000067f2d00000] [id=30968]
  0x0000016e235d1740 ConcurrentGCThread "G1 Refine#1" [stack: 0x00000067f5c00000,0x00000067f5d00000] [id=3560]
  0x0000016e26301740 ConcurrentGCThread "G1 Refine#2" [stack: 0x00000067f6200000,0x00000067f6300000] [id=26892]
  0x0000016e1fec2ee0 ConcurrentGCThread "G1 Service" [stack: 0x00000067f2d00000,0x00000067f2e00000] [id=31308]

Threads with active compile tasks:
C2 CompilerThread0    83092 11108       4       org.jetbrains.kotlin.com.intellij.openapi.vfs.impl.jar.CoreJarVirtualFile::getPath (130 bytes)
C1 CompilerThread0    83092 11246       3       org.jetbrains.org.objectweb.asm.MethodVisitor::<init> (94 bytes)
C2 CompilerThread1    83092 11212       4       org.jetbrains.kotlin.load.kotlin.header.ReadKotlinClassHeaderAnnotationVisitor$CollectStringArrayAnnotationVisitor::visit (22 bytes)

VM state: not at safepoint (normal execution)

VM Mutex/Monitor currently owned by a thread: None

Heap address: 0x0000000080000000, size: 2048 MB, Compressed Oops mode: 32-bit

CDS archive(s) not mapped
Compressed class space mapped at: 0x0000000100000000-0x0000000119c00000, reserved size: 432013312
Narrow klass base: 0x0000000000000000, Narrow klass shift: 3, Narrow klass range: 0x119c00000

GC Precious Log:
 CPUs: 8 total, 8 available
 Memory: 8089M
 Large Page Support: Disabled
 NUMA Support: Disabled
 Compressed Oops: Enabled (32-bit)
 Heap Region Size: 1M
 Heap Min Capacity: 8M
 Heap Initial Capacity: 128M
 Heap Max Capacity: 2G
 Pre-touch: Disabled
 Parallel Workers: 8
 Concurrent Workers: 2
 Concurrent Refinement Workers: 8
 Periodic GC: Disabled

Heap:
 garbage-first heap   total 317440K, used 117587K [0x0000000080000000, 0x0000000100000000)
  region size 1024K, 20 young (20480K), 19 survivors (19456K)
 Metaspace       used 122056K, committed 122688K, reserved 536576K
  class space    used 15835K, committed 16128K, reserved 421888K

Heap Regions: E=young(eden), S=young(survivor), O=old, HS=humongous(starts), HC=humongous(continues), CS=collection set, F=free, OA=open archive, CA=closed archive, TAMS=top-at-mark-start (previous, next)
|   0|0x0000000080000000, 0x0000000080100000, 0x0000000080100000|100%|HS|  |TAMS 0x0000000080100000, 0x0000000080000000| Complete 
|   1|0x0000000080100000, 0x0000000080200000, 0x0000000080200000|100%|HC|  |TAMS 0x0000000080200000, 0x0000000080100000| Complete 
|   2|0x0000000080200000, 0x0000000080300000, 0x0000000080300000|100%|HC|  |TAMS 0x0000000080300000, 0x0000000080200000| Complete 
|   3|0x0000000080300000, 0x0000000080400000, 0x0000000080400000|100%|HC|  |TAMS 0x0000000080400000, 0x0000000080300000| Complete 
|   4|0x0000000080400000, 0x0000000080500000, 0x0000000080500000|100%| O|  |TAMS 0x0000000080500000, 0x0000000080400000| Untracked 
|   5|0x0000000080500000, 0x0000000080600000, 0x0000000080600000|100%| O|  |TAMS 0x0000000080600000, 0x0000000080500000| Untracked 
|   6|0x0000000080600000, 0x0000000080700000, 0x0000000080700000|100%| O|  |TAMS 0x0000000080700000, 0x0000000080600000| Untracked 
|   7|0x0000000080700000, 0x0000000080800000, 0x0000000080800000|100%| O|  |TAMS 0x0000000080800000, 0x0000000080700000| Untracked 
|   8|0x0000000080800000, 0x0000000080900000, 0x0000000080900000|100%| O|  |TAMS 0x0000000080900000, 0x0000000080800000| Untracked 
|   9|0x0000000080900000, 0x0000000080a00000, 0x0000000080a00000|100%| O|  |TAMS 0x0000000080a00000, 0x0000000080900000| Untracked 
|  10|0x0000000080a00000, 0x0000000080b00000, 0x0000000080b00000|100%| O|  |TAMS 0x0000000080b00000, 0x0000000080a00000| Untracked 
|  11|0x0000000080b00000, 0x0000000080c00000, 0x0000000080c00000|100%| O|  |TAMS 0x0000000080c00000, 0x0000000080b00000| Untracked 
|  12|0x0000000080c00000, 0x0000000080d00000, 0x0000000080d00000|100%| O|  |TAMS 0x0000000080d00000, 0x0000000080c00000| Untracked 
|  13|0x0000000080d00000, 0x0000000080e00000, 0x0000000080e00000|100%| O|  |TAMS 0x0000000080e00000, 0x0000000080d00000| Untracked 
|  14|0x0000000080e00000, 0x0000000080f00000, 0x0000000080f00000|100%| O|  |TAMS 0x0000000080f00000, 0x0000000080e00000| Untracked 
|  15|0x0000000080f00000, 0x0000000081000000, 0x0000000081000000|100%| O|  |TAMS 0x0000000081000000, 0x0000000080f00000| Untracked 
|  16|0x0000000081000000, 0x0000000081100000, 0x0000000081100000|100%| O|  |TAMS 0x0000000081100000, 0x0000000081000000| Untracked 
|  17|0x0000000081100000, 0x0000000081200000, 0x0000000081200000|100%| O|  |TAMS 0x0000000081200000, 0x0000000081100000| Untracked 
|  18|0x0000000081200000, 0x0000000081300000, 0x0000000081300000|100%| O|  |TAMS 0x0000000081300000, 0x0000000081200000| Untracked 
|  19|0x0000000081300000, 0x0000000081400000, 0x0000000081400000|100%| O|  |TAMS 0x0000000081400000, 0x0000000081300000| Untracked 
|  20|0x0000000081400000, 0x0000000081500000, 0x0000000081500000|100%| O|  |TAMS 0x0000000081500000, 0x0000000081400000| Untracked 
|  21|0x0000000081500000, 0x0000000081600000, 0x0000000081600000|100%| O|  |TAMS 0x0000000081600000, 0x0000000081500000| Untracked 
|  22|0x0000000081600000, 0x0000000081700000, 0x0000000081700000|100%| O|  |TAMS 0x0000000081700000, 0x0000000081600000| Untracked 
|  23|0x0000000081700000, 0x0000000081800000, 0x0000000081800000|100%| O|  |TAMS 0x0000000081800000, 0x0000000081700000| Untracked 
|  24|0x0000000081800000, 0x0000000081900000, 0x0000000081900000|100%| O|  |TAMS 0x0000000081900000, 0x0000000081800000| Untracked 
|  25|0x0000000081900000, 0x0000000081a00000, 0x0000000081a00000|100%| O|  |TAMS 0x0000000081a00000, 0x0000000081900000| Untracked 
|  26|0x0000000081a00000, 0x0000000081b00000, 0x0000000081b00000|100%| O|  |TAMS 0x0000000081b00000, 0x0000000081a00000| Untracked 
|  27|0x0000000081b00000, 0x0000000081c00000, 0x0000000081c00000|100%| O|  |TAMS 0x0000000081c00000, 0x0000000081b00000| Untracked 
|  28|0x0000000081c00000, 0x0000000081d00000, 0x0000000081d00000|100%| O|  |TAMS 0x0000000081d00000, 0x0000000081c00000| Untracked 
|  29|0x0000000081d00000, 0x0000000081e00000, 0x0000000081e00000|100%| O|  |TAMS 0x0000000081e00000, 0x0000000081d00000| Untracked 
|  30|0x0000000081e00000, 0x0000000081f00000, 0x0000000081f00000|100%| O|  |TAMS 0x0000000081f00000, 0x0000000081e00000| Untracked 
|  31|0x0000000081f00000, 0x0000000082000000, 0x0000000082000000|100%| O|  |TAMS 0x0000000082000000, 0x0000000081f00000| Untracked 
|  32|0x0000000082000000, 0x0000000082100000, 0x0000000082100000|100%| O|  |TAMS 0x0000000082100000, 0x0000000082000000| Untracked 
|  33|0x0000000082100000, 0x0000000082200000, 0x0000000082200000|100%| O|  |TAMS 0x0000000082200000, 0x0000000082100000| Untracked 
|  34|0x0000000082200000, 0x0000000082300000, 0x0000000082300000|100%| O|  |TAMS 0x0000000082300000, 0x0000000082200000| Untracked 
|  35|0x0000000082300000, 0x0000000082400000, 0x0000000082400000|100%|HS|  |TAMS 0x0000000082400000, 0x0000000082300000| Complete 
|  36|0x0000000082400000, 0x0000000082500000, 0x0000000082500000|100%|HC|  |TAMS 0x0000000082500000, 0x0000000082400000| Complete 
|  37|0x0000000082500000, 0x0000000082600000, 0x0000000082600000|100%|HC|  |TAMS 0x0000000082600000, 0x0000000082500000| Complete 
|  38|0x0000000082600000, 0x0000000082700000, 0x0000000082700000|100%|HC|  |TAMS 0x0000000082700000, 0x0000000082600000| Complete 
|  39|0x0000000082700000, 0x0000000082800000, 0x0000000082800000|100%| O|  |TAMS 0x0000000082800000, 0x0000000082700000| Untracked 
|  40|0x0000000082800000, 0x0000000082900000, 0x0000000082900000|100%| O|  |TAMS 0x0000000082900000, 0x0000000082800000| Untracked 
|  41|0x0000000082900000, 0x0000000082a00000, 0x0000000082a00000|100%| O|  |TAMS 0x0000000082a00000, 0x0000000082900000| Untracked 
|  42|0x0000000082a00000, 0x0000000082b00000, 0x0000000082b00000|100%| O|  |TAMS 0x0000000082b00000, 0x0000000082a00000| Untracked 
|  43|0x0000000082b00000, 0x0000000082c00000, 0x0000000082c00000|100%| O|  |TAMS 0x0000000082c00000, 0x0000000082b00000| Untracked 
|  44|0x0000000082c00000, 0x0000000082d00000, 0x0000000082d00000|100%| O|  |TAMS 0x0000000082d00000, 0x0000000082c00000| Untracked 
|  45|0x0000000082d00000, 0x0000000082e00000, 0x0000000082e00000|100%| O|  |TAMS 0x0000000082e00000, 0x0000000082d00000| Untracked 
|  46|0x0000000082e00000, 0x0000000082f00000, 0x0000000082f00000|100%| O|  |TAMS 0x0000000082f00000, 0x0000000082e00000| Untracked 
|  47|0x0000000082f00000, 0x0000000083000000, 0x0000000083000000|100%| O|  |TAMS 0x0000000083000000, 0x0000000082f00000| Untracked 
|  48|0x0000000083000000, 0x0000000083100000, 0x0000000083100000|100%| O|  |TAMS 0x0000000083100000, 0x0000000083000000| Untracked 
|  49|0x0000000083100000, 0x0000000083200000, 0x0000000083200000|100%| O|  |TAMS 0x0000000083200000, 0x0000000083100000| Untracked 
|  50|0x0000000083200000, 0x0000000083300000, 0x0000000083300000|100%| O|  |TAMS 0x0000000083300000, 0x0000000083200000| Untracked 
|  51|0x0000000083300000, 0x0000000083400000, 0x0000000083400000|100%| O|  |TAMS 0x0000000083400000, 0x0000000083300000| Untracked 
|  52|0x0000000083400000, 0x0000000083500000, 0x0000000083500000|100%| O|  |TAMS 0x0000000083500000, 0x0000000083400000| Untracked 
|  53|0x0000000083500000, 0x0000000083600000, 0x0000000083600000|100%| O|  |TAMS 0x0000000083600000, 0x0000000083500000| Untracked 
|  54|0x0000000083600000, 0x0000000083700000, 0x0000000083700000|100%|HS|  |TAMS 0x0000000083700000, 0x0000000083600000| Complete 
|  55|0x0000000083700000, 0x0000000083800000, 0x0000000083800000|100%|HC|  |TAMS 0x0000000083800000, 0x0000000083700000| Complete 
|  56|0x0000000083800000, 0x0000000083900000, 0x0000000083900000|100%|HC|  |TAMS 0x0000000083900000, 0x0000000083800000| Complete 
|  57|0x0000000083900000, 0x0000000083a00000, 0x0000000083a00000|100%|HC|  |TAMS 0x0000000083a00000, 0x0000000083900000| Complete 
|  58|0x0000000083a00000, 0x0000000083b00000, 0x0000000083b00000|100%|HC|  |TAMS 0x0000000083b00000, 0x0000000083a00000| Complete 
|  59|0x0000000083b00000, 0x0000000083c00000, 0x0000000083c00000|100%|HC|  |TAMS 0x0000000083c00000, 0x0000000083b00000| Complete 
|  60|0x0000000083c00000, 0x0000000083d00000, 0x0000000083d00000|100%| O|  |TAMS 0x0000000083d00000, 0x0000000083c00000| Untracked 
|  61|0x0000000083d00000, 0x0000000083e00000, 0x0000000083e00000|100%| O|  |TAMS 0x0000000083e00000, 0x0000000083d00000| Untracked 
|  62|0x0000000083e00000, 0x0000000083f00000, 0x0000000083f00000|100%| O|  |TAMS 0x0000000083f00000, 0x0000000083e00000| Untracked 
|  63|0x0000000083f00000, 0x0000000084000000, 0x0000000084000000|100%| O|  |TAMS 0x0000000084000000, 0x0000000083f00000| Untracked 
|  64|0x0000000084000000, 0x0000000084100000, 0x0000000084100000|100%| O|  |TAMS 0x0000000084100000, 0x0000000084000000| Untracked 
|  65|0x0000000084100000, 0x0000000084100000, 0x0000000084200000|  0%| F|  |TAMS 0x0000000084100000, 0x0000000084100000| Untracked 
|  66|0x0000000084200000, 0x0000000084300000, 0x0000000084300000|100%| O|  |TAMS 0x0000000084300000, 0x0000000084200000| Untracked 
|  67|0x0000000084300000, 0x0000000084400000, 0x0000000084400000|100%|HS|  |TAMS 0x0000000084300000, 0x0000000084300000| Complete 
|  68|0x0000000084400000, 0x0000000084500000, 0x0000000084500000|100%|HC|  |TAMS 0x0000000084400000, 0x0000000084400000| Complete 
|  69|0x0000000084500000, 0x0000000084600000, 0x0000000084600000|100%| O|  |TAMS 0x0000000084500000, 0x0000000084500000| Untracked 
|  70|0x0000000084600000, 0x0000000084700000, 0x0000000084700000|100%| O|  |TAMS 0x0000000084600000, 0x0000000084600000| Untracked 
|  71|0x0000000084700000, 0x0000000084800000, 0x0000000084800000|100%| O|  |TAMS 0x0000000084800000, 0x0000000084700000| Untracked 
|  72|0x0000000084800000, 0x0000000084900000, 0x0000000084900000|100%| O|  |TAMS 0x0000000084800000, 0x0000000084800000| Untracked 
|  73|0x0000000084900000, 0x0000000084a00000, 0x0000000084a00000|100%| O|  |TAMS 0x0000000084a00000, 0x0000000084900000| Untracked 
|  74|0x0000000084a00000, 0x0000000084b00000, 0x0000000084b00000|100%| O|  |TAMS 0x0000000084b00000, 0x0000000084a00000| Untracked 
|  75|0x0000000084b00000, 0x0000000084c00000, 0x0000000084c00000|100%| O|  |TAMS 0x0000000084c00000, 0x0000000084b00000| Untracked 
|  76|0x0000000084c00000, 0x0000000084d00000, 0x0000000084d00000|100%| O|  |TAMS 0x0000000084d00000, 0x0000000084c00000| Untracked 
|  77|0x0000000084d00000, 0x0000000084e00000, 0x0000000084e00000|100%| O|  |TAMS 0x0000000084e00000, 0x0000000084d00000| Untracked 
|  78|0x0000000084e00000, 0x0000000084f00000, 0x0000000084f00000|100%| O|  |TAMS 0x0000000084f00000, 0x0000000084e00000| Untracked 
|  79|0x0000000084f00000, 0x0000000085000000, 0x0000000085000000|100%| O|  |TAMS 0x0000000085000000, 0x0000000084f00000| Untracked 
|  80|0x0000000085000000, 0x0000000085100000, 0x0000000085100000|100%| O|  |TAMS 0x0000000085100000, 0x0000000085000000| Untracked 
|  81|0x0000000085100000, 0x0000000085200000, 0x0000000085200000|100%| O|  |TAMS 0x0000000085200000, 0x0000000085100000| Untracked 
|  82|0x0000000085200000, 0x0000000085300000, 0x0000000085300000|100%| O|  |TAMS 0x0000000085300000, 0x0000000085200000| Untracked 
|  83|0x0000000085300000, 0x0000000085400000, 0x0000000085400000|100%| O|  |TAMS 0x0000000085324800, 0x0000000085300000| Untracked 
|  84|0x0000000085400000, 0x0000000085500000, 0x0000000085500000|100%|HS|  |TAMS 0x0000000085400000, 0x0000000085400000| Complete 
|  85|0x0000000085500000, 0x0000000085600000, 0x0000000085600000|100%|HC|  |TAMS 0x0000000085500000, 0x0000000085500000| Complete 
|  86|0x0000000085600000, 0x0000000085700000, 0x0000000085700000|100%|HC|  |TAMS 0x0000000085600000, 0x0000000085600000| Complete 
|  87|0x0000000085700000, 0x0000000085800000, 0x0000000085800000|100%|HC|  |TAMS 0x0000000085700000, 0x0000000085700000| Complete 
|  88|0x0000000085800000, 0x0000000085900000, 0x0000000085900000|100%| O|  |TAMS 0x0000000085800000, 0x0000000085800000| Untracked 
|  89|0x0000000085900000, 0x0000000085a00000, 0x0000000085a00000|100%| O|  |TAMS 0x0000000085900000, 0x0000000085900000| Untracked 
|  90|0x0000000085a00000, 0x0000000085b00000, 0x0000000085b00000|100%| O|  |TAMS 0x0000000085a00000, 0x0000000085a00000| Untracked 
|  91|0x0000000085b00000, 0x0000000085c00000, 0x0000000085c00000|100%| O|  |TAMS 0x0000000085b00000, 0x0000000085b00000| Untracked 
|  92|0x0000000085c00000, 0x0000000085d00000, 0x0000000085d00000|100%| O|  |TAMS 0x0000000085c00000, 0x0000000085c00000| Untracked 
|  93|0x0000000085d00000, 0x0000000085e00000, 0x0000000085e00000|100%| O|  |TAMS 0x0000000085d00000, 0x0000000085d00000| Untracked 
|  94|0x0000000085e00000, 0x0000000085f00000, 0x0000000085f00000|100%| O|  |TAMS 0x0000000085e00000, 0x0000000085e00000| Untracked 
|  95|0x0000000085f00000, 0x0000000086000000, 0x0000000086000000|100%| O|  |TAMS 0x0000000085f00000, 0x0000000085f00000| Untracked 
|  96|0x0000000086000000, 0x00000000860d4e00, 0x0000000086100000| 83%| O|  |TAMS 0x0000000086000000, 0x0000000086000000| Untracked 
|  97|0x0000000086100000, 0x0000000086100000, 0x0000000086200000|  0%| F|  |TAMS 0x0000000086100000, 0x0000000086100000| Untracked 
|  98|0x0000000086200000, 0x0000000086200000, 0x0000000086300000|  0%| F|  |TAMS 0x0000000086200000, 0x0000000086200000| Untracked 
|  99|0x0000000086300000, 0x0000000086300000, 0x0000000086400000|  0%| F|  |TAMS 0x0000000086300000, 0x0000000086300000| Untracked 
| 100|0x0000000086400000, 0x0000000086400000, 0x0000000086500000|  0%| F|  |TAMS 0x0000000086400000, 0x0000000086400000| Untracked 
| 101|0x0000000086500000, 0x0000000086500000, 0x0000000086600000|  0%| F|  |TAMS 0x0000000086500000, 0x0000000086500000| Untracked 
| 102|0x0000000086600000, 0x0000000086600000, 0x0000000086700000|  0%| F|  |TAMS 0x0000000086600000, 0x0000000086600000| Untracked 
| 103|0x0000000086700000, 0x0000000086700000, 0x0000000086800000|  0%| F|  |TAMS 0x0000000086700000, 0x0000000086700000| Untracked 
| 104|0x0000000086800000, 0x0000000086800000, 0x0000000086900000|  0%| F|  |TAMS 0x0000000086800000, 0x0000000086800000| Untracked 
| 105|0x0000000086900000, 0x0000000086900000, 0x0000000086a00000|  0%| F|  |TAMS 0x0000000086900000, 0x0000000086900000| Untracked 
| 106|0x0000000086a00000, 0x0000000086a00000, 0x0000000086b00000|  0%| F|  |TAMS 0x0000000086a00000, 0x0000000086a00000| Untracked 
| 107|0x0000000086b00000, 0x0000000086b00000, 0x0000000086c00000|  0%| F|  |TAMS 0x0000000086b00000, 0x0000000086b00000| Untracked 
| 108|0x0000000086c00000, 0x0000000086c00000, 0x0000000086d00000|  0%| F|  |TAMS 0x0000000086c00000, 0x0000000086c00000| Untracked 
| 109|0x0000000086d00000, 0x0000000086d00000, 0x0000000086e00000|  0%| F|  |TAMS 0x0000000086d00000, 0x0000000086d00000| Untracked 
| 110|0x0000000086e00000, 0x0000000086e00000, 0x0000000086f00000|  0%| F|  |TAMS 0x0000000086e00000, 0x0000000086e00000| Untracked 
| 111|0x0000000086f00000, 0x0000000086f00000, 0x0000000087000000|  0%| F|  |TAMS 0x0000000086f00000, 0x0000000086f00000| Untracked 
| 112|0x0000000087000000, 0x0000000087000000, 0x0000000087100000|  0%| F|  |TAMS 0x0000000087000000, 0x0000000087000000| Untracked 
| 113|0x0000000087100000, 0x0000000087100000, 0x0000000087200000|  0%| F|  |TAMS 0x0000000087100000, 0x0000000087100000| Untracked 
| 114|0x0000000087200000, 0x0000000087200000, 0x0000000087300000|  0%| F|  |TAMS 0x0000000087200000, 0x0000000087200000| Untracked 
| 115|0x0000000087300000, 0x0000000087300000, 0x0000000087400000|  0%| F|  |TAMS 0x0000000087300000, 0x0000000087300000| Untracked 
| 116|0x0000000087400000, 0x0000000087400000, 0x0000000087500000|  0%| F|  |TAMS 0x0000000087400000, 0x0000000087400000| Untracked 
| 117|0x0000000087500000, 0x0000000087500000, 0x0000000087600000|  0%| F|  |TAMS 0x0000000087500000, 0x0000000087500000| Untracked 
| 118|0x0000000087600000, 0x0000000087600000, 0x0000000087700000|  0%| F|  |TAMS 0x0000000087600000, 0x0000000087600000| Untracked 
| 119|0x0000000087700000, 0x0000000087700000, 0x0000000087800000|  0%| F|  |TAMS 0x0000000087700000, 0x0000000087700000| Untracked 
| 120|0x0000000087800000, 0x0000000087800000, 0x0000000087900000|  0%| F|  |TAMS 0x0000000087800000, 0x0000000087800000| Untracked 
| 121|0x0000000087900000, 0x0000000087900000, 0x0000000087a00000|  0%| F|  |TAMS 0x0000000087900000, 0x0000000087900000| Untracked 
| 122|0x0000000087a00000, 0x0000000087a00000, 0x0000000087b00000|  0%| F|  |TAMS 0x0000000087a00000, 0x0000000087a00000| Untracked 
| 123|0x0000000087b00000, 0x0000000087b00000, 0x0000000087c00000|  0%| F|  |TAMS 0x0000000087b00000, 0x0000000087b00000| Untracked 
| 124|0x0000000087c00000, 0x0000000087c00000, 0x0000000087d00000|  0%| F|  |TAMS 0x0000000087c00000, 0x0000000087c00000| Untracked 
| 125|0x0000000087d00000, 0x0000000087d00000, 0x0000000087e00000|  0%| F|  |TAMS 0x0000000087d00000, 0x0000000087d00000| Untracked 
| 126|0x0000000087e00000, 0x0000000087e00000, 0x0000000087f00000|  0%| F|  |TAMS 0x0000000087e00000, 0x0000000087e00000| Untracked 
| 127|0x0000000087f00000, 0x0000000087f00000, 0x0000000088000000|  0%| F|  |TAMS 0x0000000087f00000, 0x0000000087f00000| Untracked 
| 128|0x0000000088000000, 0x0000000088000000, 0x0000000088100000|  0%| F|  |TAMS 0x0000000088000000, 0x0000000088000000| Untracked 
| 129|0x0000000088100000, 0x0000000088100000, 0x0000000088200000|  0%| F|  |TAMS 0x0000000088100000, 0x0000000088100000| Untracked 
| 130|0x0000000088200000, 0x0000000088200000, 0x0000000088300000|  0%| F|  |TAMS 0x0000000088200000, 0x0000000088200000| Untracked 
| 131|0x0000000088300000, 0x0000000088300000, 0x0000000088400000|  0%| F|  |TAMS 0x0000000088300000, 0x0000000088300000| Untracked 
| 132|0x0000000088400000, 0x0000000088400000, 0x0000000088500000|  0%| F|  |TAMS 0x0000000088400000, 0x0000000088400000| Untracked 
| 133|0x0000000088500000, 0x0000000088500000, 0x0000000088600000|  0%| F|  |TAMS 0x0000000088500000, 0x0000000088500000| Untracked 
| 134|0x0000000088600000, 0x0000000088600000, 0x0000000088700000|  0%| F|  |TAMS 0x0000000088600000, 0x0000000088600000| Untracked 
| 135|0x0000000088700000, 0x0000000088700000, 0x0000000088800000|  0%| F|  |TAMS 0x0000000088700000, 0x0000000088700000| Untracked 
| 136|0x0000000088800000, 0x0000000088800000, 0x0000000088900000|  0%| F|  |TAMS 0x0000000088800000, 0x0000000088800000| Untracked 
| 137|0x0000000088900000, 0x0000000088900000, 0x0000000088a00000|  0%| F|  |TAMS 0x0000000088900000, 0x0000000088900000| Untracked 
| 138|0x0000000088a00000, 0x0000000088a00000, 0x0000000088b00000|  0%| F|  |TAMS 0x0000000088a00000, 0x0000000088a00000| Untracked 
| 139|0x0000000088b00000, 0x0000000088b00000, 0x0000000088c00000|  0%| F|  |TAMS 0x0000000088b00000, 0x0000000088b00000| Untracked 
| 140|0x0000000088c00000, 0x0000000088c00000, 0x0000000088d00000|  0%| F|  |TAMS 0x0000000088c00000, 0x0000000088c00000| Untracked 
| 141|0x0000000088d00000, 0x0000000088d00000, 0x0000000088e00000|  0%| F|  |TAMS 0x0000000088d00000, 0x0000000088d00000| Untracked 
| 142|0x0000000088e00000, 0x0000000088e00000, 0x0000000088f00000|  0%| F|  |TAMS 0x0000000088e00000, 0x0000000088e00000| Untracked 
| 143|0x0000000088f00000, 0x0000000088f00000, 0x0000000089000000|  0%| F|  |TAMS 0x0000000088f00000, 0x0000000088f00000| Untracked 
| 144|0x0000000089000000, 0x0000000089100000, 0x0000000089100000|100%| S|CS|TAMS 0x0000000089000000, 0x0000000089000000| Complete 
| 145|0x0000000089100000, 0x0000000089200000, 0x0000000089200000|100%| S|CS|TAMS 0x0000000089100000, 0x0000000089100000| Complete 
| 146|0x0000000089200000, 0x0000000089300000, 0x0000000089300000|100%| S|CS|TAMS 0x0000000089200000, 0x0000000089200000| Complete 
| 147|0x0000000089300000, 0x0000000089400000, 0x0000000089400000|100%| S|CS|TAMS 0x0000000089300000, 0x0000000089300000| Complete 
| 148|0x0000000089400000, 0x0000000089500000, 0x0000000089500000|100%| S|CS|TAMS 0x0000000089400000, 0x0000000089400000| Complete 
| 149|0x0000000089500000, 0x0000000089600000, 0x0000000089600000|100%| S|CS|TAMS 0x0000000089500000, 0x0000000089500000| Complete 
| 150|0x0000000089600000, 0x0000000089700000, 0x0000000089700000|100%| S|CS|TAMS 0x0000000089600000, 0x0000000089600000| Complete 
| 151|0x0000000089700000, 0x0000000089800000, 0x0000000089800000|100%| S|CS|TAMS 0x0000000089700000, 0x0000000089700000| Complete 
| 152|0x0000000089800000, 0x0000000089900000, 0x0000000089900000|100%| S|CS|TAMS 0x0000000089800000, 0x0000000089800000| Complete 
| 153|0x0000000089900000, 0x0000000089a00000, 0x0000000089a00000|100%| S|CS|TAMS 0x0000000089900000, 0x0000000089900000| Complete 
| 154|0x0000000089a00000, 0x0000000089b00000, 0x0000000089b00000|100%| S|CS|TAMS 0x0000000089a00000, 0x0000000089a00000| Complete 
| 155|0x0000000089b00000, 0x0000000089c00000, 0x0000000089c00000|100%| S|CS|TAMS 0x0000000089b00000, 0x0000000089b00000| Complete 
| 156|0x0000000089c00000, 0x0000000089d00000, 0x0000000089d00000|100%| S|CS|TAMS 0x0000000089c00000, 0x0000000089c00000| Complete 
| 157|0x0000000089d00000, 0x0000000089e00000, 0x0000000089e00000|100%| S|CS|TAMS 0x0000000089d00000, 0x0000000089d00000| Complete 
| 158|0x0000000089e00000, 0x0000000089f00000, 0x0000000089f00000|100%| S|CS|TAMS 0x0000000089e00000, 0x0000000089e00000| Complete 
| 159|0x0000000089f00000, 0x000000008a000000, 0x000000008a000000|100%| S|CS|TAMS 0x0000000089f00000, 0x0000000089f00000| Complete 
| 160|0x000000008a000000, 0x000000008a100000, 0x000000008a100000|100%| S|CS|TAMS 0x000000008a000000, 0x000000008a000000| Complete 
| 161|0x000000008a100000, 0x000000008a200000, 0x000000008a200000|100%| S|CS|TAMS 0x000000008a100000, 0x000000008a100000| Complete 
| 162|0x000000008a200000, 0x000000008a300000, 0x000000008a300000|100%| S|CS|TAMS 0x000000008a200000, 0x000000008a200000| Complete 
| 163|0x000000008a300000, 0x000000008a300000, 0x000000008a400000|  0%| F|  |TAMS 0x000000008a300000, 0x000000008a300000| Untracked 
| 164|0x000000008a400000, 0x000000008a400000, 0x000000008a500000|  0%| F|  |TAMS 0x000000008a400000, 0x000000008a400000| Untracked 
| 165|0x000000008a500000, 0x000000008a500000, 0x000000008a600000|  0%| F|  |TAMS 0x000000008a500000, 0x000000008a500000| Untracked 
| 166|0x000000008a600000, 0x000000008a600000, 0x000000008a700000|  0%| F|  |TAMS 0x000000008a600000, 0x000000008a600000| Untracked 
| 167|0x000000008a700000, 0x000000008a700000, 0x000000008a800000|  0%| F|  |TAMS 0x000000008a700000, 0x000000008a700000| Untracked 
| 168|0x000000008a800000, 0x000000008a800000, 0x000000008a900000|  0%| F|  |TAMS 0x000000008a800000, 0x000000008a800000| Untracked 
| 169|0x000000008a900000, 0x000000008a900000, 0x000000008aa00000|  0%| F|  |TAMS 0x000000008a900000, 0x000000008a900000| Untracked 
| 170|0x000000008aa00000, 0x000000008aa00000, 0x000000008ab00000|  0%| F|  |TAMS 0x000000008aa00000, 0x000000008aa00000| Untracked 
| 171|0x000000008ab00000, 0x000000008ab00000, 0x000000008ac00000|  0%| F|  |TAMS 0x000000008ab00000, 0x000000008ab00000| Untracked 
| 172|0x000000008ac00000, 0x000000008ac00000, 0x000000008ad00000|  0%| F|  |TAMS 0x000000008ac00000, 0x000000008ac00000| Untracked 
| 173|0x000000008ad00000, 0x000000008ad00000, 0x000000008ae00000|  0%| F|  |TAMS 0x000000008ad00000, 0x000000008ad00000| Untracked 
| 174|0x000000008ae00000, 0x000000008ae00000, 0x000000008af00000|  0%| F|  |TAMS 0x000000008ae00000, 0x000000008ae00000| Untracked 
| 175|0x000000008af00000, 0x000000008af00000, 0x000000008b000000|  0%| F|  |TAMS 0x000000008af00000, 0x000000008af00000| Untracked 
| 176|0x000000008b000000, 0x000000008b000000, 0x000000008b100000|  0%| F|  |TAMS 0x000000008b000000, 0x000000008b000000| Untracked 
| 177|0x000000008b100000, 0x000000008b100000, 0x000000008b200000|  0%| F|  |TAMS 0x000000008b100000, 0x000000008b100000| Untracked 
| 178|0x000000008b200000, 0x000000008b200000, 0x000000008b300000|  0%| F|  |TAMS 0x000000008b200000, 0x000000008b200000| Untracked 
| 179|0x000000008b300000, 0x000000008b300000, 0x000000008b400000|  0%| F|  |TAMS 0x000000008b300000, 0x000000008b300000| Untracked 
| 180|0x000000008b400000, 0x000000008b400000, 0x000000008b500000|  0%| F|  |TAMS 0x000000008b400000, 0x000000008b400000| Untracked 
| 181|0x000000008b500000, 0x000000008b500000, 0x000000008b600000|  0%| F|  |TAMS 0x000000008b500000, 0x000000008b500000| Untracked 
| 182|0x000000008b600000, 0x000000008b600000, 0x000000008b700000|  0%| F|  |TAMS 0x000000008b600000, 0x000000008b600000| Untracked 
| 183|0x000000008b700000, 0x000000008b700000, 0x000000008b800000|  0%| F|  |TAMS 0x000000008b700000, 0x000000008b700000| Untracked 
| 184|0x000000008b800000, 0x000000008b800000, 0x000000008b900000|  0%| F|  |TAMS 0x000000008b800000, 0x000000008b800000| Untracked 
| 185|0x000000008b900000, 0x000000008b900000, 0x000000008ba00000|  0%| F|  |TAMS 0x000000008b900000, 0x000000008b900000| Untracked 
| 186|0x000000008ba00000, 0x000000008ba00000, 0x000000008bb00000|  0%| F|  |TAMS 0x000000008ba00000, 0x000000008ba00000| Untracked 
| 187|0x000000008bb00000, 0x000000008bb00000, 0x000000008bc00000|  0%| F|  |TAMS 0x000000008bb00000, 0x000000008bb00000| Untracked 
| 188|0x000000008bc00000, 0x000000008bc00000, 0x000000008bd00000|  0%| F|  |TAMS 0x000000008bc00000, 0x000000008bc00000| Untracked 
| 189|0x000000008bd00000, 0x000000008bd00000, 0x000000008be00000|  0%| F|  |TAMS 0x000000008bd00000, 0x000000008bd00000| Untracked 
| 190|0x000000008be00000, 0x000000008be00000, 0x000000008bf00000|  0%| F|  |TAMS 0x000000008be00000, 0x000000008be00000| Untracked 
| 191|0x000000008bf00000, 0x000000008bf00000, 0x000000008c000000|  0%| F|  |TAMS 0x000000008bf00000, 0x000000008bf00000| Untracked 
| 192|0x000000008c000000, 0x000000008c000000, 0x000000008c100000|  0%| F|  |TAMS 0x000000008c000000, 0x000000008c000000| Untracked 
| 193|0x000000008c100000, 0x000000008c100000, 0x000000008c200000|  0%| F|  |TAMS 0x000000008c100000, 0x000000008c100000| Untracked 
| 194|0x000000008c200000, 0x000000008c200000, 0x000000008c300000|  0%| F|  |TAMS 0x000000008c200000, 0x000000008c200000| Untracked 
| 195|0x000000008c300000, 0x000000008c300000, 0x000000008c400000|  0%| F|  |TAMS 0x000000008c300000, 0x000000008c300000| Untracked 
| 196|0x000000008c400000, 0x000000008c400000, 0x000000008c500000|  0%| F|  |TAMS 0x000000008c400000, 0x000000008c400000| Untracked 
| 197|0x000000008c500000, 0x000000008c500000, 0x000000008c600000|  0%| F|  |TAMS 0x000000008c500000, 0x000000008c500000| Untracked 
| 198|0x000000008c600000, 0x000000008c600000, 0x000000008c700000|  0%| F|  |TAMS 0x000000008c600000, 0x000000008c600000| Untracked 
| 199|0x000000008c700000, 0x000000008c700000, 0x000000008c800000|  0%| F|  |TAMS 0x000000008c700000, 0x000000008c700000| Untracked 
| 200|0x000000008c800000, 0x000000008c800000, 0x000000008c900000|  0%| F|  |TAMS 0x000000008c800000, 0x000000008c800000| Untracked 
| 201|0x000000008c900000, 0x000000008c900000, 0x000000008ca00000|  0%| F|  |TAMS 0x000000008c900000, 0x000000008c900000| Untracked 
| 202|0x000000008ca00000, 0x000000008ca00000, 0x000000008cb00000|  0%| F|  |TAMS 0x000000008ca00000, 0x000000008ca00000| Untracked 
| 203|0x000000008cb00000, 0x000000008cb00000, 0x000000008cc00000|  0%| F|  |TAMS 0x000000008cb00000, 0x000000008cb00000| Untracked 
| 204|0x000000008cc00000, 0x000000008cc00000, 0x000000008cd00000|  0%| F|  |TAMS 0x000000008cc00000, 0x000000008cc00000| Untracked 
| 205|0x000000008cd00000, 0x000000008cd00000, 0x000000008ce00000|  0%| F|  |TAMS 0x000000008cd00000, 0x000000008cd00000| Untracked 
| 206|0x000000008ce00000, 0x000000008ce00000, 0x000000008cf00000|  0%| F|  |TAMS 0x000000008ce00000, 0x000000008ce00000| Untracked 
| 207|0x000000008cf00000, 0x000000008cf00000, 0x000000008d000000|  0%| F|  |TAMS 0x000000008cf00000, 0x000000008cf00000| Untracked 
| 208|0x000000008d000000, 0x000000008d000000, 0x000000008d100000|  0%| F|  |TAMS 0x000000008d000000, 0x000000008d000000| Untracked 
| 209|0x000000008d100000, 0x000000008d100000, 0x000000008d200000|  0%| F|  |TAMS 0x000000008d100000, 0x000000008d100000| Untracked 
| 210|0x000000008d200000, 0x000000008d200000, 0x000000008d300000|  0%| F|  |TAMS 0x000000008d200000, 0x000000008d200000| Untracked 
| 211|0x000000008d300000, 0x000000008d300000, 0x000000008d400000|  0%| F|  |TAMS 0x000000008d300000, 0x000000008d300000| Untracked 
| 212|0x000000008d400000, 0x000000008d400000, 0x000000008d500000|  0%| F|  |TAMS 0x000000008d400000, 0x000000008d400000| Untracked 
| 213|0x000000008d500000, 0x000000008d500000, 0x000000008d600000|  0%| F|  |TAMS 0x000000008d500000, 0x000000008d500000| Untracked 
| 214|0x000000008d600000, 0x000000008d600000, 0x000000008d700000|  0%| F|  |TAMS 0x000000008d600000, 0x000000008d600000| Untracked 
| 215|0x000000008d700000, 0x000000008d700000, 0x000000008d800000|  0%| F|  |TAMS 0x000000008d700000, 0x000000008d700000| Untracked 
| 216|0x000000008d800000, 0x000000008d800000, 0x000000008d900000|  0%| F|  |TAMS 0x000000008d800000, 0x000000008d800000| Untracked 
| 217|0x000000008d900000, 0x000000008d900000, 0x000000008da00000|  0%| F|  |TAMS 0x000000008d900000, 0x000000008d900000| Untracked 
| 218|0x000000008da00000, 0x000000008da00000, 0x000000008db00000|  0%| F|  |TAMS 0x000000008da00000, 0x000000008da00000| Untracked 
| 219|0x000000008db00000, 0x000000008db00000, 0x000000008dc00000|  0%| F|  |TAMS 0x000000008db00000, 0x000000008db00000| Untracked 
| 220|0x000000008dc00000, 0x000000008dc00000, 0x000000008dd00000|  0%| F|  |TAMS 0x000000008dc00000, 0x000000008dc00000| Untracked 
| 221|0x000000008dd00000, 0x000000008dd00000, 0x000000008de00000|  0%| F|  |TAMS 0x000000008dd00000, 0x000000008dd00000| Untracked 
| 222|0x000000008de00000, 0x000000008de00000, 0x000000008df00000|  0%| F|  |TAMS 0x000000008de00000, 0x000000008de00000| Untracked 
| 223|0x000000008df00000, 0x000000008df00000, 0x000000008e000000|  0%| F|  |TAMS 0x000000008df00000, 0x000000008df00000| Untracked 
| 224|0x000000008e000000, 0x000000008e000000, 0x000000008e100000|  0%| F|  |TAMS 0x000000008e000000, 0x000000008e000000| Untracked 
| 225|0x000000008e100000, 0x000000008e100000, 0x000000008e200000|  0%| F|  |TAMS 0x000000008e100000, 0x000000008e100000| Untracked 
| 226|0x000000008e200000, 0x000000008e200000, 0x000000008e300000|  0%| F|  |TAMS 0x000000008e200000, 0x000000008e200000| Untracked 
| 227|0x000000008e300000, 0x000000008e300000, 0x000000008e400000|  0%| F|  |TAMS 0x000000008e300000, 0x000000008e300000| Untracked 
| 228|0x000000008e400000, 0x000000008e400000, 0x000000008e500000|  0%| F|  |TAMS 0x000000008e400000, 0x000000008e400000| Untracked 
| 229|0x000000008e500000, 0x000000008e500000, 0x000000008e600000|  0%| F|  |TAMS 0x000000008e500000, 0x000000008e500000| Untracked 
| 230|0x000000008e600000, 0x000000008e600000, 0x000000008e700000|  0%| F|  |TAMS 0x000000008e600000, 0x000000008e600000| Untracked 
| 231|0x000000008e700000, 0x000000008e700000, 0x000000008e800000|  0%| F|  |TAMS 0x000000008e700000, 0x000000008e700000| Untracked 
| 232|0x000000008e800000, 0x000000008e800000, 0x000000008e900000|  0%| F|  |TAMS 0x000000008e800000, 0x000000008e800000| Untracked 
| 233|0x000000008e900000, 0x000000008e900000, 0x000000008ea00000|  0%| F|  |TAMS 0x000000008e900000, 0x000000008e900000| Untracked 
| 234|0x000000008ea00000, 0x000000008ea00000, 0x000000008eb00000|  0%| F|  |TAMS 0x000000008ea00000, 0x000000008ea00000| Untracked 
| 235|0x000000008eb00000, 0x000000008eb00000, 0x000000008ec00000|  0%| F|  |TAMS 0x000000008eb00000, 0x000000008eb00000| Untracked 
| 236|0x000000008ec00000, 0x000000008ec00000, 0x000000008ed00000|  0%| F|  |TAMS 0x000000008ec00000, 0x000000008ec00000| Untracked 
| 237|0x000000008ed00000, 0x000000008ed00000, 0x000000008ee00000|  0%| F|  |TAMS 0x000000008ed00000, 0x000000008ed00000| Untracked 
| 238|0x000000008ee00000, 0x000000008ee00000, 0x000000008ef00000|  0%| F|  |TAMS 0x000000008ee00000, 0x000000008ee00000| Untracked 
| 239|0x000000008ef00000, 0x000000008ef00000, 0x000000008f000000|  0%| F|  |TAMS 0x000000008ef00000, 0x000000008ef00000| Untracked 
| 240|0x000000008f000000, 0x000000008f000000, 0x000000008f100000|  0%| F|  |TAMS 0x000000008f000000, 0x000000008f000000| Untracked 
| 241|0x000000008f100000, 0x000000008f100000, 0x000000008f200000|  0%| F|  |TAMS 0x000000008f100000, 0x000000008f100000| Untracked 
| 242|0x000000008f200000, 0x000000008f200000, 0x000000008f300000|  0%| F|  |TAMS 0x000000008f200000, 0x000000008f200000| Untracked 
| 243|0x000000008f300000, 0x000000008f300000, 0x000000008f400000|  0%| F|  |TAMS 0x000000008f300000, 0x000000008f300000| Untracked 
| 244|0x000000008f400000, 0x000000008f400000, 0x000000008f500000|  0%| F|  |TAMS 0x000000008f400000, 0x000000008f400000| Untracked 
| 245|0x000000008f500000, 0x000000008f500000, 0x000000008f600000|  0%| F|  |TAMS 0x000000008f500000, 0x000000008f500000| Untracked 
| 246|0x000000008f600000, 0x000000008f600000, 0x000000008f700000|  0%| F|  |TAMS 0x000000008f600000, 0x000000008f600000| Untracked 
| 247|0x000000008f700000, 0x000000008f700000, 0x000000008f800000|  0%| F|  |TAMS 0x000000008f700000, 0x000000008f700000| Untracked 
| 248|0x000000008f800000, 0x000000008f800000, 0x000000008f900000|  0%| F|  |TAMS 0x000000008f800000, 0x000000008f800000| Untracked 
| 249|0x000000008f900000, 0x000000008f900000, 0x000000008fa00000|  0%| F|  |TAMS 0x000000008f900000, 0x000000008f900000| Untracked 
| 250|0x000000008fa00000, 0x000000008fa00000, 0x000000008fb00000|  0%| F|  |TAMS 0x000000008fa00000, 0x000000008fa00000| Untracked 
| 251|0x000000008fb00000, 0x000000008fb00000, 0x000000008fc00000|  0%| F|  |TAMS 0x000000008fb00000, 0x000000008fb00000| Untracked 
| 252|0x000000008fc00000, 0x000000008fc00000, 0x000000008fd00000|  0%| F|  |TAMS 0x000000008fc00000, 0x000000008fc00000| Untracked 
| 253|0x000000008fd00000, 0x000000008fd00000, 0x000000008fe00000|  0%| F|  |TAMS 0x000000008fd00000, 0x000000008fd00000| Untracked 
| 254|0x000000008fe00000, 0x000000008fe00000, 0x000000008ff00000|  0%| F|  |TAMS 0x000000008fe00000, 0x000000008fe00000| Untracked 
| 255|0x000000008ff00000, 0x000000008ff00000, 0x0000000090000000|  0%| F|  |TAMS 0x000000008ff00000, 0x000000008ff00000| Untracked 
| 256|0x0000000090000000, 0x0000000090000000, 0x0000000090100000|  0%| F|  |TAMS 0x0000000090000000, 0x0000000090000000| Untracked 
| 257|0x0000000090100000, 0x0000000090100000, 0x0000000090200000|  0%| F|  |TAMS 0x0000000090100000, 0x0000000090100000| Untracked 
| 258|0x0000000090200000, 0x0000000090200000, 0x0000000090300000|  0%| F|  |TAMS 0x0000000090200000, 0x0000000090200000| Untracked 
| 259|0x0000000090300000, 0x0000000090300000, 0x0000000090400000|  0%| F|  |TAMS 0x0000000090300000, 0x0000000090300000| Untracked 
| 260|0x0000000090400000, 0x0000000090400000, 0x0000000090500000|  0%| F|  |TAMS 0x0000000090400000, 0x0000000090400000| Untracked 
| 261|0x0000000090500000, 0x0000000090500000, 0x0000000090600000|  0%| F|  |TAMS 0x0000000090500000, 0x0000000090500000| Untracked 
| 262|0x0000000090600000, 0x0000000090600000, 0x0000000090700000|  0%| F|  |TAMS 0x0000000090600000, 0x0000000090600000| Untracked 
| 263|0x0000000090700000, 0x0000000090700000, 0x0000000090800000|  0%| F|  |TAMS 0x0000000090700000, 0x0000000090700000| Untracked 
| 264|0x0000000090800000, 0x0000000090800000, 0x0000000090900000|  0%| F|  |TAMS 0x0000000090800000, 0x0000000090800000| Untracked 
| 265|0x0000000090900000, 0x0000000090900000, 0x0000000090a00000|  0%| F|  |TAMS 0x0000000090900000, 0x0000000090900000| Untracked 
| 266|0x0000000090a00000, 0x0000000090a00000, 0x0000000090b00000|  0%| F|  |TAMS 0x0000000090a00000, 0x0000000090a00000| Untracked 
| 267|0x0000000090b00000, 0x0000000090b00000, 0x0000000090c00000|  0%| F|  |TAMS 0x0000000090b00000, 0x0000000090b00000| Untracked 
| 268|0x0000000090c00000, 0x0000000090c00000, 0x0000000090d00000|  0%| F|  |TAMS 0x0000000090c00000, 0x0000000090c00000| Untracked 
| 269|0x0000000090d00000, 0x0000000090d00000, 0x0000000090e00000|  0%| F|  |TAMS 0x0000000090d00000, 0x0000000090d00000| Untracked 
| 270|0x0000000090e00000, 0x0000000090e00000, 0x0000000090f00000|  0%| F|  |TAMS 0x0000000090e00000, 0x0000000090e00000| Untracked 
| 271|0x0000000090f00000, 0x0000000090f00000, 0x0000000091000000|  0%| F|  |TAMS 0x0000000090f00000, 0x0000000090f00000| Untracked 
| 272|0x0000000091000000, 0x0000000091000000, 0x0000000091100000|  0%| F|  |TAMS 0x0000000091000000, 0x0000000091000000| Untracked 
| 273|0x0000000091100000, 0x0000000091100000, 0x0000000091200000|  0%| F|  |TAMS 0x0000000091100000, 0x0000000091100000| Untracked 
| 274|0x0000000091200000, 0x0000000091200000, 0x0000000091300000|  0%| F|  |TAMS 0x0000000091200000, 0x0000000091200000| Untracked 
| 275|0x0000000091300000, 0x0000000091300000, 0x0000000091400000|  0%| F|  |TAMS 0x0000000091300000, 0x0000000091300000| Untracked 
| 276|0x0000000091400000, 0x0000000091400000, 0x0000000091500000|  0%| F|  |TAMS 0x0000000091400000, 0x0000000091400000| Untracked 
| 277|0x0000000091500000, 0x0000000091500000, 0x0000000091600000|  0%| F|  |TAMS 0x0000000091500000, 0x0000000091500000| Untracked 
| 278|0x0000000091600000, 0x0000000091600000, 0x0000000091700000|  0%| F|  |TAMS 0x0000000091600000, 0x0000000091600000| Untracked 
| 279|0x0000000091700000, 0x0000000091700000, 0x0000000091800000|  0%| F|  |TAMS 0x0000000091700000, 0x0000000091700000| Untracked 
| 280|0x0000000091800000, 0x0000000091800000, 0x0000000091900000|  0%| F|  |TAMS 0x0000000091800000, 0x0000000091800000| Untracked 
| 281|0x0000000091900000, 0x0000000091900000, 0x0000000091a00000|  0%| F|  |TAMS 0x0000000091900000, 0x0000000091900000| Untracked 
| 282|0x0000000091a00000, 0x0000000091a00000, 0x0000000091b00000|  0%| F|  |TAMS 0x0000000091a00000, 0x0000000091a00000| Untracked 
| 283|0x0000000091b00000, 0x0000000091b00000, 0x0000000091c00000|  0%| F|  |TAMS 0x0000000091b00000, 0x0000000091b00000| Untracked 
| 284|0x0000000091c00000, 0x0000000091c00000, 0x0000000091d00000|  0%| F|  |TAMS 0x0000000091c00000, 0x0000000091c00000| Untracked 
| 285|0x0000000091d00000, 0x0000000091d00000, 0x0000000091e00000|  0%| F|  |TAMS 0x0000000091d00000, 0x0000000091d00000| Untracked 
| 286|0x0000000091e00000, 0x0000000091e00000, 0x0000000091f00000|  0%| F|  |TAMS 0x0000000091e00000, 0x0000000091e00000| Untracked 
| 287|0x0000000091f00000, 0x0000000091f00000, 0x0000000092000000|  0%| F|  |TAMS 0x0000000091f00000, 0x0000000091f00000| Untracked 
| 288|0x0000000092000000, 0x0000000092000000, 0x0000000092100000|  0%| F|  |TAMS 0x0000000092000000, 0x0000000092000000| Untracked 
| 289|0x0000000092100000, 0x0000000092100000, 0x0000000092200000|  0%| F|  |TAMS 0x0000000092100000, 0x0000000092100000| Untracked 
| 290|0x0000000092200000, 0x0000000092200000, 0x0000000092300000|  0%| F|  |TAMS 0x0000000092200000, 0x0000000092200000| Untracked 
| 291|0x0000000092300000, 0x0000000092300000, 0x0000000092400000|  0%| F|  |TAMS 0x0000000092300000, 0x0000000092300000| Untracked 
| 292|0x0000000092400000, 0x0000000092400000, 0x0000000092500000|  0%| F|  |TAMS 0x0000000092400000, 0x0000000092400000| Untracked 
| 293|0x0000000092500000, 0x0000000092500000, 0x0000000092600000|  0%| F|  |TAMS 0x0000000092500000, 0x0000000092500000| Untracked 
| 294|0x0000000092600000, 0x0000000092600000, 0x0000000092700000|  0%| F|  |TAMS 0x0000000092600000, 0x0000000092600000| Untracked 
| 295|0x0000000092700000, 0x0000000092700000, 0x0000000092800000|  0%| F|  |TAMS 0x0000000092700000, 0x0000000092700000| Untracked 
| 296|0x0000000092800000, 0x0000000092800000, 0x0000000092900000|  0%| F|  |TAMS 0x0000000092800000, 0x0000000092800000| Untracked 
| 297|0x0000000092900000, 0x0000000092900000, 0x0000000092a00000|  0%| F|  |TAMS 0x0000000092900000, 0x0000000092900000| Untracked 
| 298|0x0000000092a00000, 0x0000000092a00000, 0x0000000092b00000|  0%| F|  |TAMS 0x0000000092a00000, 0x0000000092a00000| Untracked 
| 299|0x0000000092b00000, 0x0000000092b00000, 0x0000000092c00000|  0%| F|  |TAMS 0x0000000092b00000, 0x0000000092b00000| Untracked 
| 300|0x0000000092c00000, 0x0000000092c00000, 0x0000000092d00000|  0%| F|  |TAMS 0x0000000092c00000, 0x0000000092c00000| Untracked 
| 301|0x0000000092d00000, 0x0000000092d00000, 0x0000000092e00000|  0%| F|  |TAMS 0x0000000092d00000, 0x0000000092d00000| Untracked 
| 302|0x0000000092e00000, 0x0000000092e00000, 0x0000000092f00000|  0%| F|  |TAMS 0x0000000092e00000, 0x0000000092e00000| Untracked 
| 303|0x0000000092f00000, 0x0000000092f00000, 0x0000000093000000|  0%| F|  |TAMS 0x0000000092f00000, 0x0000000092f00000| Untracked 
| 304|0x0000000093000000, 0x0000000093000000, 0x0000000093100000|  0%| F|  |TAMS 0x0000000093000000, 0x0000000093000000| Untracked 
| 305|0x0000000093100000, 0x0000000093100000, 0x0000000093200000|  0%| F|  |TAMS 0x0000000093100000, 0x0000000093100000| Untracked 
| 306|0x0000000093200000, 0x0000000093200000, 0x0000000093300000|  0%| F|  |TAMS 0x0000000093200000, 0x0000000093200000| Untracked 
| 307|0x0000000093300000, 0x0000000093300000, 0x0000000093400000|  0%| F|  |TAMS 0x0000000093300000, 0x0000000093300000| Untracked 
| 308|0x0000000093400000, 0x0000000093500000, 0x0000000093500000|100%| E|  |TAMS 0x0000000093400000, 0x0000000093400000| Complete 
| 309|0x0000000093500000, 0x0000000093600000, 0x0000000093600000|100%| E|CS|TAMS 0x0000000093500000, 0x0000000093500000| Complete 

Card table byte_map: [0x0000016e18e00000,0x0000016e19200000] _byte_map_base: 0x0000016e18a00000

Marking Bits (Prev, Next): (CMBitMap*) 0x0000016e06254530, (CMBitMap*) 0x0000016e062544f0
 Prev Bits: [0x0000016e1b600000, 0x0000016e1d600000)
 Next Bits: [0x0000016e19600000, 0x0000016e1b600000)

Polling page: 0x0000016e04150000

Metaspace:

Usage:
  Non-class:    103.74 MB used.
      Class:     15.46 MB used.
       Both:    119.20 MB used.

Virtual space:
  Non-class space:      112.00 MB reserved,     104.06 MB ( 93%) committed,  14 nodes.
      Class space:      412.00 MB reserved,      15.75 MB (  4%) committed,  1 nodes.
             Both:      524.00 MB reserved,     119.81 MB ( 23%) committed. 

Chunk freelists:
   Non-Class:  3.19 MB
       Class:  80.00 KB
        Both:  3.27 MB

MaxMetaspaceSize: 512.00 MB
CompressedClassSpaceSize: 412.00 MB
Initial GC threshold: 21.00 MB
Current GC threshold: 181.38 MB
CDS: off
MetaspaceReclaimPolicy: balanced
 - commit_granule_bytes: 65536.
 - commit_granule_words: 8192.
 - virtual_space_node_default_size: 1048576.
 - enlarge_chunks_in_place: 1.
 - new_chunks_are_fully_committed: 0.
 - uncommit_free_chunks: 1.
 - use_allocation_guard: 0.
 - handle_deallocations: 1.


Internal statistics:

num_allocs_failed_limit: 6.
num_arena_births: 826.
num_arena_deaths: 0.
num_vsnodes_births: 15.
num_vsnodes_deaths: 0.
num_space_committed: 1915.
num_space_uncommitted: 0.
num_chunks_returned_to_freelist: 6.
num_chunks_taken_from_freelist: 4871.
num_chunk_merges: 6.
num_chunk_splits: 3754.
num_chunks_enlarged: 3053.
num_purges: 0.
num_inconsistent_stats: 0.

CodeHeap 'non-profiled nmethods': size=120000Kb used=5511Kb max_used=5772Kb free=114488Kb
 bounds [0x0000016e11190000, 0x0000016e11750000, 0x0000016e186c0000]
CodeHeap 'profiled nmethods': size=120000Kb used=19889Kb max_used=19889Kb free=100110Kb
 bounds [0x0000016e096c0000, 0x0000016e0aa30000, 0x0000016e10bf0000]
CodeHeap 'non-nmethods': size=5760Kb used=2500Kb max_used=2586Kb free=3259Kb
 bounds [0x0000016e10bf0000, 0x0000016e10e90000, 0x0000016e11190000]
 total_blobs=10673 nmethods=9611 adapters=973
 compilation: enabled
              stopped_count=0, restarted_count=0
 full_count=0

Compilation events (20 events):
Event: 83.000 Thread 0x0000016e20c45930 nmethod 11194 0x0000016e0a9f0f10 code [0x0000016e0a9f1120, 0x0000016e0a9f1788]
Event: 83.000 Thread 0x0000016e20c45930 11195       3       org.jetbrains.kotlin.resolve.calls.components.ClassicTypeSystemContextForCS::hasNoInferAnnotation (6 bytes)
Event: 83.000 Thread 0x0000016e20c45930 nmethod 11195 0x0000016e0a9f1a10 code [0x0000016e0a9f1ba0, 0x0000016e0a9f1cc8]
Event: 83.000 Thread 0x0000016e20c45930 11199       1       org.jetbrains.kotlin.resolve.calls.tower.PSICallResolver::access$getSyntheticScopes$p (5 bytes)
Event: 83.000 Thread 0x0000016e20c45930 nmethod 11199 0x0000016e113b3a90 code [0x0000016e113b3c20, 0x0000016e113b3cd8]
Event: 83.000 Thread 0x0000016e20c45930 11198       1       org.jetbrains.kotlin.descriptors.impl.PropertyDescriptorImpl::getGetter (5 bytes)
Event: 83.000 Thread 0x0000016e20c45930 nmethod 11198 0x0000016e113b3790 code [0x0000016e113b3920, 0x0000016e113b39f8]
Event: 83.001 Thread 0x0000016e26785f10 11200       4       org.jetbrains.kotlin.descriptors.annotations.Annotations$Companion::getEMPTY (4 bytes)
Event: 83.001 Thread 0x0000016e20c45930 11201       3       java.lang.AbstractStringBuilder::putStringAt (12 bytes)
Event: 83.001 Thread 0x0000016e26785f10 nmethod 11200 0x0000016e113b3490 code [0x0000016e113b3600, 0x0000016e113b3678]
Event: 83.001 Thread 0x0000016e20c45930 nmethod 11201 0x0000016e0a9f1d90 code [0x0000016e0a9f1f40, 0x0000016e0a9f2188]
Event: 83.002 Thread 0x0000016e20c45930 11202       3       org.jetbrains.kotlin.serialization.deserialization.descriptors.DeserializedClassDescriptor$DeserializedClassTypeConstructor$parameters$1::<init> (11 bytes)
Event: 83.002 Thread 0x0000016e20c45930 nmethod 11202 0x0000016e0a9f2310 code [0x0000016e0a9f24c0, 0x0000016e0a9f26f8]
Event: 83.003 Thread 0x0000016e20c45930 11203       3       org.jetbrains.kotlin.serialization.deserialization.descriptors.DeserializedClassDescriptor::isInner (24 bytes)
Event: 83.003 Thread 0x0000016e20c45930 nmethod 11203 0x0000016e0a9f2810 code [0x0000016e0a9f29e0, 0x0000016e0a9f2d98]
Event: 83.004 Thread 0x0000016e26785f10 11204       4       org.jetbrains.kotlin.metadata.ProtoBuf$Annotation::getSerializedSize (93 bytes)
Event: 83.006 Thread 0x0000016e20c45930 11207       3       org.jetbrains.kotlin.serialization.deserialization.descriptors.DeserializedClassDescriptor$DeserializedClassTypeConstructor::<init> (50 bytes)
Event: 83.006 Thread 0x0000016e20c45930 nmethod 11207 0x0000016e0a9f2f10 code [0x0000016e0a9f3120, 0x0000016e0a9f37e8]
Event: 83.017 Thread 0x0000016e20c45930 11213       3       org.jetbrains.kotlin.serialization.deserialization.ProtoContainer$Class::<init> (108 bytes)
Event: 83.020 Thread 0x0000016e20c45930 nmethod 11213 0x0000016e0a9f3b10 code [0x0000016e0a9f3f80, 0x0000016e0a9f5dc8]

GC Heap History (20 events):
Event: 67.522 GC heap before
{Heap before GC invocations=38 (full 0):
 garbage-first heap   total 158720K, used 125198K [0x0000000080000000, 0x0000000100000000)
  region size 1024K, 51 young (52224K), 1 survivors (1024K)
 Metaspace       used 96163K, committed 96704K, reserved 512000K
  class space    used 12474K, committed 12736K, reserved 421888K
}
Event: 67.529 GC heap after
{Heap after GC invocations=39 (full 0):
 garbage-first heap   total 158720K, used 77132K [0x0000000080000000, 0x0000000100000000)
  region size 1024K, 4 young (4096K), 4 survivors (4096K)
 Metaspace       used 96163K, committed 96704K, reserved 512000K
  class space    used 12474K, committed 12736K, reserved 421888K
}
Event: 69.985 GC heap before
{Heap before GC invocations=40 (full 0):
 garbage-first heap   total 158720K, used 124236K [0x0000000080000000, 0x0000000100000000)
  region size 1024K, 50 young (51200K), 4 survivors (4096K)
 Metaspace       used 104538K, committed 105088K, reserved 520192K
  class space    used 13357K, committed 13632K, reserved 421888K
}
Event: 69.991 GC heap after
{Heap after GC invocations=41 (full 0):
 garbage-first heap   total 158720K, used 77966K [0x0000000080000000, 0x0000000100000000)
  region size 1024K, 4 young (4096K), 4 survivors (4096K)
 Metaspace       used 104538K, committed 105088K, reserved 520192K
  class space    used 13357K, committed 13632K, reserved 421888K
}
Event: 70.118 GC heap before
{Heap before GC invocations=41 (full 0):
 garbage-first heap   total 158720K, used 81038K [0x0000000080000000, 0x0000000100000000)
  region size 1024K, 7 young (7168K), 4 survivors (4096K)
 Metaspace       used 104932K, committed 105472K, reserved 520192K
  class space    used 13431K, committed 13696K, reserved 421888K
}
Event: 70.129 GC heap after
{Heap after GC invocations=42 (full 0):
 garbage-first heap   total 158720K, used 78117K [0x0000000080000000, 0x0000000100000000)
  region size 1024K, 1 young (1024K), 1 survivors (1024K)
 Metaspace       used 104932K, committed 105472K, reserved 520192K
  class space    used 13431K, committed 13696K, reserved 421888K
}
Event: 70.911 GC heap before
{Heap before GC invocations=42 (full 0):
 garbage-first heap   total 158720K, used 108837K [0x0000000080000000, 0x0000000100000000)
  region size 1024K, 32 young (32768K), 1 survivors (1024K)
 Metaspace       used 106241K, committed 106816K, reserved 520192K
  class space    used 13635K, committed 13888K, reserved 421888K
}
Event: 70.916 GC heap after
{Heap after GC invocations=43 (full 0):
 garbage-first heap   total 158720K, used 81191K [0x0000000080000000, 0x0000000100000000)
  region size 1024K, 4 young (4096K), 4 survivors (4096K)
 Metaspace       used 106241K, committed 106816K, reserved 520192K
  class space    used 13635K, committed 13888K, reserved 421888K
}
Event: 71.408 GC heap before
{Heap before GC invocations=44 (full 0):
 garbage-first heap   total 158720K, used 129319K [0x0000000080000000, 0x0000000100000000)
  region size 1024K, 50 young (51200K), 4 survivors (4096K)
 Metaspace       used 106439K, committed 107008K, reserved 520192K
  class space    used 13638K, committed 13888K, reserved 421888K
}
Event: 71.415 GC heap after
{Heap after GC invocations=45 (full 0):
 garbage-first heap   total 158720K, used 84855K [0x0000000080000000, 0x0000000100000000)
  region size 1024K, 4 young (4096K), 4 survivors (4096K)
 Metaspace       used 106439K, committed 107008K, reserved 520192K
  class space    used 13638K, committed 13888K, reserved 421888K
}
Event: 71.434 GC heap before
{Heap before GC invocations=45 (full 0):
 garbage-first heap   total 158720K, used 87927K [0x0000000080000000, 0x0000000100000000)
  region size 1024K, 7 young (7168K), 4 survivors (4096K)
 Metaspace       used 106449K, committed 107008K, reserved 520192K
  class space    used 13638K, committed 13888K, reserved 421888K
}
Event: 71.438 GC heap after
{Heap after GC invocations=46 (full 0):
 garbage-first heap   total 158720K, used 81543K [0x0000000080000000, 0x0000000100000000)
  region size 1024K, 1 young (1024K), 1 survivors (1024K)
 Metaspace       used 106449K, committed 107008K, reserved 520192K
  class space    used 13638K, committed 13888K, reserved 421888K
}
Event: 73.117 GC heap before
{Heap before GC invocations=46 (full 0):
 garbage-first heap   total 158720K, used 128647K [0x0000000080000000, 0x0000000100000000)
  region size 1024K, 47 young (48128K), 1 survivors (1024K)
 Metaspace       used 110608K, committed 111168K, reserved 520192K
  class space    used 14275K, committed 14528K, reserved 421888K
}
Event: 73.122 GC heap after
{Heap after GC invocations=47 (full 0):
 garbage-first heap   total 158720K, used 85084K [0x0000000080000000, 0x0000000100000000)
  region size 1024K, 4 young (4096K), 4 survivors (4096K)
 Metaspace       used 110608K, committed 111168K, reserved 520192K
  class space    used 14275K, committed 14528K, reserved 421888K
}
Event: 76.705 GC heap before
{Heap before GC invocations=48 (full 0):
 garbage-first heap   total 158720K, used 136284K [0x0000000080000000, 0x0000000100000000)
  region size 1024K, 48 young (49152K), 4 survivors (4096K)
 Metaspace       used 115986K, committed 116672K, reserved 528384K
  class space    used 15026K, committed 15360K, reserved 421888K
}
Event: 76.712 GC heap after
{Heap after GC invocations=49 (full 0):
 garbage-first heap   total 158720K, used 95230K [0x0000000080000000, 0x0000000100000000)
  region size 1024K, 5 young (5120K), 5 survivors (5120K)
 Metaspace       used 115986K, committed 116672K, reserved 528384K
  class space    used 15026K, committed 15360K, reserved 421888K
}
Event: 76.771 GC heap before
{Heap before GC invocations=49 (full 0):
 garbage-first heap   total 158720K, used 97278K [0x0000000080000000, 0x0000000100000000)
  region size 1024K, 7 young (7168K), 5 survivors (5120K)
 Metaspace       used 116297K, committed 116992K, reserved 528384K
  class space    used 15084K, committed 15424K, reserved 421888K
}
Event: 76.775 GC heap after
{Heap after GC invocations=50 (full 0):
 garbage-first heap   total 158720K, used 94041K [0x0000000080000000, 0x0000000100000000)
  region size 1024K, 1 young (1024K), 1 survivors (1024K)
 Metaspace       used 116297K, committed 116992K, reserved 528384K
  class space    used 15084K, committed 15424K, reserved 421888K
}
Event: 77.810 GC heap before
{Heap before GC invocations=50 (full 0):
 garbage-first heap   total 158720K, used 130905K [0x0000000080000000, 0x0000000100000000)
  region size 1024K, 37 young (37888K), 1 survivors (1024K)
 Metaspace       used 120115K, committed 120768K, reserved 528384K
  class space    used 15680K, committed 16000K, reserved 421888K
}
Event: 77.818 GC heap after
{Heap after GC invocations=51 (full 0):
 garbage-first heap   total 317440K, used 95847K [0x0000000080000000, 0x0000000100000000)
  region size 1024K, 3 young (3072K), 3 survivors (3072K)
 Metaspace       used 120115K, committed 120768K, reserved 528384K
  class space    used 15680K, committed 16000K, reserved 421888K
}

Dll operation events (2 events):
Event: 0.115 Loaded shared library C:\Program Files\Android\Android Studio\jbr\bin\java.dll
Event: 1.970 Loaded shared library C:\Program Files\Android\Android Studio\jbr\bin\verify.dll

Deoptimization events (20 events):
Event: 82.980 Thread 0x0000016e21323500 Uncommon trap: trap_request=0xffffff45 fr.pc=0x0000016e111cd2e8 relative=0x0000000000000528
Event: 82.980 Thread 0x0000016e21323500 Uncommon trap: reason=unstable_if action=reinterpret pc=0x0000016e111cd2e8 method=java.lang.AbstractStringBuilder.putStringAt(ILjava/lang/String;II)V @ 8 c2
Event: 82.980 Thread 0x0000016e21323500 DEOPT PACKING pc=0x0000016e111cd2e8 sp=0x00000067f45eefc0
Event: 82.981 Thread 0x0000016e21323500 DEOPT UNPACKING pc=0x0000016e10c469a3 sp=0x00000067f45eee48 mode 2
Event: 82.981 Thread 0x0000016e21323500 Uncommon trap: trap_request=0xffffff45 fr.pc=0x0000016e113c4694 relative=0x00000000000004d4
Event: 82.981 Thread 0x0000016e21323500 Uncommon trap: reason=unstable_if action=reinterpret pc=0x0000016e113c4694 method=java.lang.String.getBytes([BIIBI)V @ 6 c2
Event: 82.981 Thread 0x0000016e21323500 DEOPT PACKING pc=0x0000016e113c4694 sp=0x00000067f45eef60
Event: 82.981 Thread 0x0000016e21323500 DEOPT UNPACKING pc=0x0000016e10c469a3 sp=0x00000067f45eedc8 mode 2
Event: 82.981 Thread 0x0000016e21323500 Uncommon trap: trap_request=0xffffff45 fr.pc=0x0000016e1125eea8 relative=0x0000000000000408
Event: 82.981 Thread 0x0000016e21323500 Uncommon trap: reason=unstable_if action=reinterpret pc=0x0000016e1125eea8 method=java.lang.StringBuilder.toString()Ljava/lang/String; @ 4 c2
Event: 82.981 Thread 0x0000016e21323500 DEOPT PACKING pc=0x0000016e1125eea8 sp=0x00000067f45eefe0
Event: 82.981 Thread 0x0000016e21323500 DEOPT UNPACKING pc=0x0000016e10c469a3 sp=0x00000067f45eefc0 mode 2
Event: 82.983 Thread 0x0000016e21323500 Uncommon trap: trap_request=0xffffff45 fr.pc=0x0000016e112b52dc relative=0x000000000000047c
Event: 82.983 Thread 0x0000016e21323500 Uncommon trap: reason=unstable_if action=reinterpret pc=0x0000016e112b52dc method=gnu.trove.TObjectHash.insertionIndex(Ljava/lang/Object;)I @ 65 c2
Event: 82.983 Thread 0x0000016e21323500 DEOPT PACKING pc=0x0000016e112b52dc sp=0x00000067f45efd40
Event: 82.983 Thread 0x0000016e21323500 DEOPT UNPACKING pc=0x0000016e10c469a3 sp=0x00000067f45efcb0 mode 2
Event: 82.991 Thread 0x0000016e21323500 Uncommon trap: trap_request=0xffffff45 fr.pc=0x0000016e111cc9d4 relative=0x0000000000000134
Event: 82.991 Thread 0x0000016e21323500 Uncommon trap: reason=unstable_if action=reinterpret pc=0x0000016e111cc9d4 method=java.lang.AbstractStringBuilder.putStringAt(ILjava/lang/String;II)V @ 8 c2
Event: 82.991 Thread 0x0000016e21323500 DEOPT PACKING pc=0x0000016e111cc9d4 sp=0x00000067f45eef20
Event: 82.991 Thread 0x0000016e21323500 DEOPT UNPACKING pc=0x0000016e10c469a3 sp=0x00000067f45eee50 mode 2

Classes unloaded (0 events):
No events

Classes redefined (0 events):
No events

Internal exceptions (20 events):
Event: 77.343 Thread 0x0000016e21323500 Exception <a 'java/lang/ClassNotFoundException'{0x0000000088445c68}: org/gradle/api/plugins/internal/DefaultJavaPluginConventionBeanInfo> (0x0000000088445c68) 
thrown [s\src\hotspot\share\classfile\systemDictionary.cpp, line 256]
Event: 77.345 Thread 0x0000016e21323500 Exception <a 'java/lang/ClassNotFoundException'{0x000000008845f7a8}: org/gradle/api/plugins/JavaPluginConventionBeanInfo> (0x000000008845f7a8) 
thrown [s\src\hotspot\share\classfile\systemDictionary.cpp, line 256]
Event: 77.346 Thread 0x0000016e21323500 Exception <a 'java/lang/ClassNotFoundException'{0x00000000884792b0}: org/gradle/api/plugins/JavaPluginConventionCustomizer> (0x00000000884792b0) 
thrown [s\src\hotspot\share\classfile\systemDictionary.cpp, line 256]
Event: 77.349 Thread 0x0000016e21323500 Exception <a 'java/lang/ClassNotFoundException'{0x00000000884a7378}: org/gradle/api/plugins/internal/DefaultJavaPluginConventionCustomizer> (0x00000000884a7378) 
thrown [s\src\hotspot\share\classfile\systemDictionary.cpp, line 256]
Event: 77.352 Thread 0x0000016e21323500 Exception <a 'java/lang/ClassNotFoundException'{0x00000000884e7b60}: org/gradle/api/plugins/internal/DefaultJavaPluginConvention_DecoratedCustomizer> (0x00000000884e7b60) 
thrown [s\src\hotspot\share\classfile\systemDictionary.cpp, line 256]
Event: 77.526 Thread 0x0000016e21323500 Exception <a 'java/lang/NoSuchMethodError'{0x0000000087ec83e8}: 'int java.lang.invoke.DirectMethodHandle$Holder.invokeInterface(java.lang.Object, java.lang.Object, java.lang.Object, java.lang.Object)'> (0x0000000087ec83e8) 
thrown [s\src\hotspot\share\interpreter\linkResolver.cpp, line 771]
Event: 77.706 Thread 0x0000016e21323500 Exception <a 'java/lang/ClassNotFoundException'{0x0000000087962c10}: org/jetbrains/kotlin/gradle/targets/js/npm/DefaultNpmDependencyExtensionBeanInfo> (0x0000000087962c10) 
thrown [s\src\hotspot\share\classfile\systemDictionary.cpp, line 256]
Event: 77.707 Thread 0x0000016e21323500 Exception <a 'java/lang/ClassNotFoundException'{0x000000008796dd28}: org/jetbrains/kotlin/gradle/targets/js/npm/DefaultNpmDependencyExtensionCustomizer> (0x000000008796dd28) 
thrown [s\src\hotspot\share\classfile\systemDictionary.cpp, line 256]
Event: 77.716 Thread 0x0000016e21323500 Exception <a 'java/lang/ClassNotFoundException'{0x00000000879dac38}: org/jetbrains/kotlin/gradle/targets/js/npm/NpmDependencyExtensionKt$defaultNpmDependencyDelegate$1BeanInfo> (0x00000000879dac38) 
thrown [s\src\hotspot\share\classfile\systemDictionary.cpp, line 256]
Event: 77.716 Thread 0x0000016e21323500 Exception <a 'java/lang/ClassNotFoundException'{0x00000000879e5d98}: org/jetbrains/kotlin/gradle/targets/js/npm/NpmDependencyExtensionDelegateBeanInfo> (0x00000000879e5d98) 
thrown [s\src\hotspot\share\classfile\systemDictionary.cpp, line 256]
Event: 77.717 Thread 0x0000016e21323500 Exception <a 'java/lang/ClassNotFoundException'{0x00000000879f0ec0}: org/jetbrains/kotlin/gradle/targets/js/npm/NpmDependencyExtensionDelegateCustomizer> (0x00000000879f0ec0) 
thrown [s\src\hotspot\share\classfile\systemDictionary.cpp, line 256]
Event: 77.719 Thread 0x0000016e21323500 Exception <a 'java/lang/ClassNotFoundException'{0x0000000087815040}: org/jetbrains/kotlin/gradle/targets/js/npm/NpmDependencyExtensionKt$defaultNpmDependencyDelegate$1Customizer> (0x0000000087815040) 
thrown [s\src\hotspot\share\classfile\systemDictionary.cpp, line 256]
Event: 77.723 Thread 0x0000016e21323500 Exception <a 'java/lang/ClassNotFoundException'{0x000000008784ba60}: org/jetbrains/kotlin/gradle/targets/js/npm/DefaultDevNpmDependencyExtensionBeanInfo> (0x000000008784ba60) 
thrown [s\src\hotspot\share\classfile\systemDictionary.cpp, line 256]
Event: 77.724 Thread 0x0000016e21323500 Exception <a 'java/lang/ClassNotFoundException'{0x0000000087856b90}: org/jetbrains/kotlin/gradle/targets/js/npm/DefaultDevNpmDependencyExtensionCustomizer> (0x0000000087856b90) 
thrown [s\src\hotspot\share\classfile\systemDictionary.cpp, line 256]
Event: 77.728 Thread 0x0000016e21323500 Exception <a 'java/lang/ClassNotFoundException'{0x00000000878908c8}: org/jetbrains/kotlin/gradle/targets/js/npm/DefaultPeerNpmDependencyExtensionBeanInfo> (0x00000000878908c8) 
thrown [s\src\hotspot\share\classfile\systemDictionary.cpp, line 256]
Event: 77.728 Thread 0x0000016e21323500 Exception <a 'java/lang/ClassNotFoundException'{0x000000008789ba08}: org/jetbrains/kotlin/gradle/targets/js/npm/DefaultPeerNpmDependencyExtensionCustomizer> (0x000000008789ba08) 
thrown [s\src\hotspot\share\classfile\systemDictionary.cpp, line 256]
Event: 77.733 Thread 0x0000016e21323500 Exception <a 'java/lang/ClassNotFoundException'{0x00000000878db838}: org/jetbrains/kotlin/gradle/targets/js/npm/DefaultPeerNpmDependencyExtension$delegate$1BeanInfo> (0x00000000878db838) 
thrown [s\src\hotspot\share\classfile\systemDictionary.cpp, line 256]
Event: 77.734 Thread 0x0000016e21323500 Exception <a 'java/lang/ClassNotFoundException'{0x00000000878e6a40}: org/jetbrains/kotlin/gradle/targets/js/npm/DefaultPeerNpmDependencyExtension$delegate$1Customizer> (0x00000000878e6a40) 
thrown [s\src\hotspot\share\classfile\systemDictionary.cpp, line 256]
Event: 78.267 Thread 0x0000016e21323500 Exception <a 'java/lang/NoSuchMethodError'{0x000000009283ff48}: 'int java.lang.invoke.DirectMethodHandle$Holder.invokeSpecial(java.lang.Object, java.lang.Object, int, int)'> (0x000000009283ff48) 
thrown [s\src\hotspot\share\interpreter\linkResolver.cpp, line 771]
Event: 82.703 Thread 0x0000016e21323500 Implicit null exception at 0x0000016e114f95c7 to 0x0000016e114fa25c

VM Operations (20 events):
Event: 77.810 Executing VM operation: G1CollectForAllocation
Event: 77.818 Executing VM operation: G1CollectForAllocation done
Event: 78.257 Executing VM operation: ICBufferFull
Event: 78.257 Executing VM operation: ICBufferFull done
Event: 78.967 Executing VM operation: HandshakeAllThreads
Event: 78.967 Executing VM operation: HandshakeAllThreads done
Event: 79.090 Executing VM operation: HandshakeAllThreads
Event: 79.091 Executing VM operation: HandshakeAllThreads done
Event: 79.107 Executing VM operation: ICBufferFull
Event: 79.143 Executing VM operation: ICBufferFull done
Event: 79.398 Executing VM operation: HandshakeAllThreads
Event: 79.398 Executing VM operation: HandshakeAllThreads done
Event: 80.413 Executing VM operation: Cleanup
Event: 80.413 Executing VM operation: Cleanup done
Event: 82.424 Executing VM operation: ICBufferFull
Event: 82.425 Executing VM operation: ICBufferFull done
Event: 82.667 Executing VM operation: ICBufferFull
Event: 82.667 Executing VM operation: ICBufferFull done
Event: 82.941 Executing VM operation: ICBufferFull
Event: 82.941 Executing VM operation: ICBufferFull done

Events (20 events):
Event: 79.419 Thread 0x0000016e20c46930 flushing nmethod 0x0000016e0a61ab10
Event: 79.419 Thread 0x0000016e20c46930 flushing nmethod 0x0000016e0a61c490
Event: 79.419 Thread 0x0000016e20c46930 flushing nmethod 0x0000016e0a640010
Event: 79.419 Thread 0x0000016e20c46930 flushing nmethod 0x0000016e0a667c10
Event: 79.419 Thread 0x0000016e20c46930 flushing nmethod 0x0000016e0a684990
Event: 79.419 Thread 0x0000016e20c46930 flushing nmethod 0x0000016e0a6c4690
Event: 79.419 Thread 0x0000016e20c46930 flushing nmethod 0x0000016e0a6c5590
Event: 79.419 Thread 0x0000016e20c46930 flushing nmethod 0x0000016e0a6cfe90
Event: 79.419 Thread 0x0000016e20c46930 flushing nmethod 0x0000016e0a71b790
Event: 79.420 Thread 0x0000016e20c46930 flushing nmethod 0x0000016e0a752b90
Event: 79.420 Thread 0x0000016e20c46930 flushing nmethod 0x0000016e0a753d90
Event: 79.420 Thread 0x0000016e20c46930 flushing nmethod 0x0000016e0a75db10
Event: 79.421 Thread 0x0000016e20c46930 flushing nmethod 0x0000016e0a848690
Event: 79.421 Thread 0x0000016e20c46930 flushing nmethod 0x0000016e0a873610
Event: 79.421 Thread 0x0000016e20c46930 flushing nmethod 0x0000016e0a875e90
Event: 79.421 Thread 0x0000016e20c46930 flushing nmethod 0x0000016e0a909410
Event: 79.843 Thread 0x0000016e262f89f0 Thread exited: 0x0000016e262f89f0
Event: 81.887 Thread 0x0000016e26787350 Thread added: 0x0000016e26787350
Event: 82.270 Thread 0x0000016e26787350 Thread exited: 0x0000016e26787350
Event: 82.297 Thread 0x0000016e26785f10 Thread added: 0x0000016e26785f10


Dynamic libraries:
0x00007ff7daf00000 - 0x00007ff7daf0a000 	C:\Program Files\Android\Android Studio\jbr\bin\java.exe
0x00007ffc5b930000 - 0x00007ffc5bb47000 	C:\WINDOWS\SYSTEM32\ntdll.dll
0x00007ffc5a560000 - 0x00007ffc5a624000 	C:\WINDOWS\System32\KERNEL32.DLL
0x00007ffc59250000 - 0x00007ffc595f5000 	C:\WINDOWS\System32\KERNELBASE.dll
0x00007ffc58eb0000 - 0x00007ffc58fc1000 	C:\WINDOWS\System32\ucrtbase.dll
0x00007ffc331c0000 - 0x00007ffc331d7000 	C:\Program Files\Android\Android Studio\jbr\bin\jli.dll
0x00007ffc5b220000 - 0x00007ffc5b3ce000 	C:\WINDOWS\System32\USER32.dll
0x00007ffc58d10000 - 0x00007ffc58d36000 	C:\WINDOWS\System32\win32u.dll
0x00007ffc5a640000 - 0x00007ffc5a669000 	C:\WINDOWS\System32\GDI32.dll
0x00007ffc58fd0000 - 0x00007ffc590e9000 	C:\WINDOWS\System32\gdi32full.dll
0x00007ffc591b0000 - 0x00007ffc5924a000 	C:\WINDOWS\System32\msvcp_win.dll
0x00007ffc35010000 - 0x00007ffc3502b000 	C:\Program Files\Android\Android Studio\jbr\bin\VCRUNTIME140.dll
0x00007ffc431e0000 - 0x00007ffc43473000 	C:\WINDOWS\WinSxS\amd64_microsoft.windows.common-controls_6595b64144ccf1df_6.0.22621.2506_none_270c5ae97388e100\COMCTL32.dll
0x00007ffc5b770000 - 0x00007ffc5b817000 	C:\WINDOWS\System32\msvcrt.dll
0x00007ffc5a2b0000 - 0x00007ffc5a2e1000 	C:\WINDOWS\System32\IMM32.DLL
0x00007ffc36920000 - 0x00007ffc3692c000 	C:\Program Files\Android\Android Studio\jbr\bin\vcruntime140_1.dll
0x00007ffc34eb0000 - 0x00007ffc34f3d000 	C:\Program Files\Android\Android Studio\jbr\bin\msvcp140.dll
0x00007ffc01880000 - 0x00007ffc024ee000 	C:\Program Files\Android\Android Studio\jbr\bin\server\jvm.dll
0x00007ffc59cf0000 - 0x00007ffc59da1000 	C:\WINDOWS\System32\ADVAPI32.dll
0x00007ffc59b50000 - 0x00007ffc59bf6000 	C:\WINDOWS\System32\sechost.dll
0x00007ffc5a2f0000 - 0x00007ffc5a407000 	C:\WINDOWS\System32\RPCRT4.dll
0x00007ffc42b70000 - 0x00007ffc42b79000 	C:\WINDOWS\SYSTEM32\WSOCK32.dll
0x00007ffc5b0a0000 - 0x00007ffc5b111000 	C:\WINDOWS\System32\WS2_32.dll
0x00007ffc51940000 - 0x00007ffc51974000 	C:\WINDOWS\SYSTEM32\WINMM.dll
0x00007ffc51b20000 - 0x00007ffc51b2a000 	C:\WINDOWS\SYSTEM32\VERSION.dll
0x00007ffc57cf0000 - 0x00007ffc57d08000 	C:\WINDOWS\SYSTEM32\kernel.appcore.dll
0x00007ffc01870000 - 0x00007ffc0187a000 	C:\Program Files\Android\Android Studio\jbr\bin\jimage.dll
0x00007ffc56550000 - 0x00007ffc56783000 	C:\WINDOWS\SYSTEM32\DBGHELP.DLL
0x00007ffc59690000 - 0x00007ffc59a19000 	C:\WINDOWS\System32\combase.dll
0x00007ffc59a70000 - 0x00007ffc59b47000 	C:\WINDOWS\System32\OLEAUT32.dll
0x00007ffc44f80000 - 0x00007ffc44fb2000 	C:\WINDOWS\SYSTEM32\dbgcore.DLL
0x00007ffc59600000 - 0x00007ffc5967a000 	C:\WINDOWS\System32\bcryptPrimitives.dll
0x00007ffc01840000 - 0x00007ffc01865000 	C:\Program Files\Android\Android Studio\jbr\bin\java.dll
0x00007ffc01820000 - 0x00007ffc01838000 	C:\Program Files\Android\Android Studio\jbr\bin\zip.dll
0x00007ffc5a840000 - 0x00007ffc5b099000 	C:\WINDOWS\System32\SHELL32.dll
0x00007ffc56b80000 - 0x00007ffc57474000 	C:\WINDOWS\SYSTEM32\windows.storage.dll
0x00007ffc56a40000 - 0x00007ffc56b7e000 	C:\WINDOWS\SYSTEM32\wintypes.dll
0x00007ffc5b660000 - 0x00007ffc5b753000 	C:\WINDOWS\System32\SHCORE.dll
0x00007ffc59c00000 - 0x00007ffc59c5e000 	C:\WINDOWS\System32\shlwapi.dll
0x00007ffc58bd0000 - 0x00007ffc58bf6000 	C:\WINDOWS\SYSTEM32\profapi.dll
0x00007ffc01800000 - 0x00007ffc01819000 	C:\Program Files\Android\Android Studio\jbr\bin\net.dll
0x00007ffc52450000 - 0x00007ffc52587000 	C:\WINDOWS\SYSTEM32\WINHTTP.dll
0x00007ffc581c0000 - 0x00007ffc58229000 	C:\WINDOWS\system32\mswsock.dll
0x00007ffc017e0000 - 0x00007ffc017f6000 	C:\Program Files\Android\Android Studio\jbr\bin\nio.dll
0x00007ffc01470000 - 0x00007ffc01480000 	C:\Program Files\Android\Android Studio\jbr\bin\verify.dll
0x00007ffc47040000 - 0x00007ffc47067000 	C:\Users\ananc\.gradle\native\68d5fa5c4cc2d200863cafc0d521ce42e7d3e7ee720ec0a83991735586a16f82\windows-amd64\native-platform.dll
0x00007ffc22120000 - 0x00007ffc22264000 	C:\Users\ananc\.gradle\native\e376f236ea51e6404a007f0833ffe2c6e607c4080706a723a18a27aeea778392\windows-amd64\native-platform-file-events.dll
0x00007ffc33210000 - 0x00007ffc33219000 	C:\Program Files\Android\Android Studio\jbr\bin\management.dll
0x00007ffc33200000 - 0x00007ffc3320b000 	C:\Program Files\Android\Android Studio\jbr\bin\management_ext.dll
0x00007ffc59680000 - 0x00007ffc59688000 	C:\WINDOWS\System32\PSAPI.DLL
0x00007ffc58510000 - 0x00007ffc5852b000 	C:\WINDOWS\SYSTEM32\CRYPTSP.dll
0x00007ffc57cb0000 - 0x00007ffc57ce5000 	C:\WINDOWS\system32\rsaenh.dll
0x00007ffc58260000 - 0x00007ffc5828c000 	C:\WINDOWS\SYSTEM32\USERENV.dll
0x00007ffc58650000 - 0x00007ffc58678000 	C:\WINDOWS\SYSTEM32\bcrypt.dll
0x00007ffc584f0000 - 0x00007ffc584fc000 	C:\WINDOWS\SYSTEM32\CRYPTBASE.dll
0x00007ffc57750000 - 0x00007ffc5777d000 	C:\WINDOWS\SYSTEM32\IPHLPAPI.DLL
0x00007ffc5a830000 - 0x00007ffc5a839000 	C:\WINDOWS\System32\NSI.dll
0x00007ffc52240000 - 0x00007ffc52259000 	C:\WINDOWS\SYSTEM32\dhcpcsvc6.DLL
0x00007ffc51920000 - 0x00007ffc5193f000 	C:\WINDOWS\SYSTEM32\dhcpcsvc.DLL
0x00007ffc577c0000 - 0x00007ffc578b9000 	C:\WINDOWS\SYSTEM32\DNSAPI.dll
0x00007ffc331f0000 - 0x00007ffc331f8000 	C:\WINDOWS\system32\wshunix.dll

dbghelp: loaded successfully - version: 4.0.5 - missing functions: none
symbol engine: initialized successfully - sym options: 0x614 - pdb path: .;C:\Program Files\Android\Android Studio\jbr\bin;C:\WINDOWS\SYSTEM32;C:\WINDOWS\WinSxS\amd64_microsoft.windows.common-controls_6595b64144ccf1df_6.0.22621.2506_none_270c5ae97388e100;C:\Program Files\Android\Android Studio\jbr\bin\server;C:\Users\ananc\.gradle\native\68d5fa5c4cc2d200863cafc0d521ce42e7d3e7ee720ec0a83991735586a16f82\windows-amd64;C:\Users\ananc\.gradle\native\e376f236ea51e6404a007f0833ffe2c6e607c4080706a723a18a27aeea778392\windows-amd64

VM Arguments:
jvm_args: -XX:MaxMetaspaceSize=512m --add-opens=java.base/java.util=ALL-UNNAMED --add-opens=java.base/java.lang=ALL-UNNAMED --add-opens=java.base/java.lang.invoke=ALL-UNNAMED --add-opens=java.prefs/java.util.prefs=ALL-UNNAMED --add-opens=java.base/java.nio.charset=ALL-UNNAMED --add-opens=java.base/java.net=ALL-UNNAMED --add-opens=java.base/java.util.concurrent.atomic=ALL-UNNAMED -Xmx2048m -Dfile.encoding=windows-1252 -Duser.country=US -Duser.language=en -Duser.variant 
java_command: org.gradle.launcher.daemon.bootstrap.GradleDaemon 8.0.1
java_class_path (initial): C:\Users\ananc\.gradle\wrapper\dists\gradle-8.0.1-all\aro4hu1c3oeioove7l0i4i14o\gradle-8.0.1\lib\gradle-launcher-8.0.1.jar
Launcher Type: SUN_STANDARD

[Global flags]
     intx CICompilerCount                          = 4                                         {product} {ergonomic}
   size_t CompressedClassSpaceSize                 = 432013312                                 {product} {ergonomic}
     uint ConcGCThreads                            = 2                                         {product} {ergonomic}
     uint G1ConcRefinementThreads                  = 8                                         {product} {ergonomic}
   size_t G1HeapRegionSize                         = 1048576                                   {product} {ergonomic}
    uintx GCDrainStackTargetSize                   = 64                                        {product} {ergonomic}
   size_t InitialHeapSize                          = 134217728                                 {product} {ergonomic}
   size_t MarkStackSize                            = 4194304                                   {product} {ergonomic}
   size_t MaxHeapSize                              = 2147483648                                {product} {command line}
   size_t MaxMetaspaceSize                         = 536870912                                 {product} {command line}
   size_t MaxNewSize                               = 1287651328                                {product} {ergonomic}
   size_t MinHeapDeltaBytes                        = 1048576                                   {product} {ergonomic}
   size_t MinHeapSize                              = 8388608                                   {product} {ergonomic}
    uintx NonNMethodCodeHeapSize                   = 5839372                                {pd product} {ergonomic}
    uintx NonProfiledCodeHeapSize                  = 122909434                              {pd product} {ergonomic}
    uintx ProfiledCodeHeapSize                     = 122909434                              {pd product} {ergonomic}
    uintx ReservedCodeCacheSize                    = 251658240                              {pd product} {ergonomic}
     bool SegmentedCodeCache                       = true                                      {product} {ergonomic}
   size_t SoftMaxHeapSize                          = 2147483648                             {manageable} {ergonomic}
     bool UseCompressedClassPointers               = true                           {product lp64_product} {ergonomic}
     bool UseCompressedOops                        = true                           {product lp64_product} {ergonomic}
     bool UseG1GC                                  = true                                      {product} {ergonomic}
     bool UseLargePagesIndividualAllocation        = false                                  {pd product} {ergonomic}

Logging:
Log output configuration:
 #0: stdout all=warning uptime,level,tags
 #1: stderr all=off uptime,level,tags

Environment Variables:
PATH=C:\WINDOWS\system32;C:\WINDOWS;C:\WINDOWS\System32\Wbem;C:\WINDOWS\System32\WindowsPowerShell\v1.0\;C:\WINDOWS\System32\OpenSSH\;C:\Program Files (x86)\Git\cmd;C:\src\jdk-11.0.20\bin;C:\xampp\php;C:\ProgramData\ComposerSetup\bin;C:\Program Files\nodejs\;C:\Users\ananc\AppData\Local\Android\Sdk\platform-tools\adb.exe;C:\Program Files\Java\jdk-21;C:\Users\ananc\AppData\Local\Android\Sdk\platform-tools;C:\Users\ananc\AppData\Local\Microsoft\WindowsApps;C:\Users\ananc\AppData\Local\Programs\Microsoft VS Code\bin;C:\src\flutter\bin;C:\src\jdk-11.0.20;C:\Users\ananc\AppData\Roaming\Composer\vendor\bin;C:\Users\ananc\AppData\Roaming\npm;C:\Users\ananc\AppData\Local\Android\Sdk\platforms;
USERNAME=ananc
OS=Windows_NT
PROCESSOR_IDENTIFIER=Intel64 Family 6 Model 142 Stepping 10, GenuineIntel
TMP=C:\Users\ananc\AppData\Local\Temp
TEMP=C:\Users\ananc\AppData\Local\Temp


JNI global refs:
JNI global refs: 26, weak refs: 4

JNI global refs memory usage: 843, weak refs: 841


---------------  S Y S T E M  ---------------

OS:
 Windows 11 , 64 bit Build 22621 (10.0.22621.2506)
OS uptime: 0 days 1:12 hours
Hyper-V role detected

CPU: total 8 (initial active 8) (4 cores per cpu, 2 threads per core) family 6 model 142 stepping 10 microcode 0xf0, cx8, cmov, fxsr, ht, mmx, 3dnowpref, sse, sse2, sse3, ssse3, sse4.1, sse4.2, popcnt, lzcnt, tsc, tscinvbit, avx, avx2, aes, erms, clmul, bmi1, bmi2, adx, fma, vzeroupper, clflush, clflushopt, hv

Memory: 4k page, system-wide physical 8089M (451M free)
TotalPageFile size 22043M (AvailPageFile size 0M)
current process WorkingSet (physical memory assigned to process): 547M, peak: 547M
current process commit charge ("private bytes"): 638M, peak: 641M

vm_info: OpenJDK 64-Bit Server VM (17.0.6+0-b2043.56-10027231) for windows-amd64 JRE (17.0.6+0-b2043.56-10027231), built on Apr 28 2023 00:43:19 by "androidbuild" with MS VC++ 16.10 / 16.11 (VS2019)

END.
